Analysis & Synthesis report for DataMem
Mon Nov 25 02:39:55 2024
Quartus Prime Version 20.1.1 Build 720 11/11/2020 SJ Lite Edition


---------------------
; Table of Contents ;
---------------------
  1. Legal Notice
  2. Analysis & Synthesis Summary
  3. Analysis & Synthesis Settings
  4. Parallel Compilation
  5. Analysis & Synthesis Source Files Read
  6. Analysis & Synthesis Resource Usage Summary
  7. Analysis & Synthesis Resource Utilization by Entity
  8. General Register Statistics
  9. Parameter Settings for User Entity Instance: lpm_ram_dq:lpm_ram_dq_component
 10. Post-Synthesis Netlist Statistics for Top Partition
 11. Elapsed Time Per Partition
 12. Analysis & Synthesis Messages



----------------
; Legal Notice ;
----------------
Copyright (C) 2020  Intel Corporation. All rights reserved.
Your use of Intel Corporation's design tools, logic functions 
and other software and tools, and any partner logic 
functions, and any output files from any of the foregoing 
(including device programming or simulation files), and any 
associated documentation or information are expressly subject 
to the terms and conditions of the Intel Program License 
Subscription Agreement, the Intel Quartus Prime License Agreement,
the Intel FPGA IP License Agreement, or other applicable license
agreement, including, without limitation, that your use is for
the sole purpose of programming logic devices manufactured by
Intel and sold by Intel or its authorized distributors.  Please
refer to the applicable agreement for further details, at
https://fpgasoftware.intel.com/eula.



+----------------------------------------------------------------------------------+
; Analysis & Synthesis Summary                                                     ;
+------------------------------------+---------------------------------------------+
; Analysis & Synthesis Status        ; Successful - Mon Nov 25 02:39:53 2024       ;
; Quartus Prime Version              ; 20.1.1 Build 720 11/11/2020 SJ Lite Edition ;
; Revision Name                      ; DataMem                                     ;
; Top-level Entity Name              ; DataMem                                     ;
; Family                             ; MAX 10                                      ;
; Total logic elements               ; 59,882                                      ;
;     Total combinational functions  ; 27,104                                      ;
;     Dedicated logic registers      ; 32,778                                      ;
; Total registers                    ; 32778                                       ;
; Total pins                         ; 76                                          ;
; Total virtual pins                 ; 0                                           ;
; Total memory bits                  ; 0                                           ;
; Embedded Multiplier 9-bit elements ; 0                                           ;
; Total PLLs                         ; 0                                           ;
; UFM blocks                         ; 0                                           ;
; ADC blocks                         ; 0                                           ;
+------------------------------------+---------------------------------------------+


+------------------------------------------------------------------------------------------------------------+
; Analysis & Synthesis Settings                                                                              ;
+------------------------------------------------------------------+--------------------+--------------------+
; Option                                                           ; Setting            ; Default Value      ;
+------------------------------------------------------------------+--------------------+--------------------+
; Device                                                           ; 10M08DAF484C8G     ;                    ;
; Top-level entity name                                            ; DataMem            ; DataMem            ;
; Family name                                                      ; MAX 10             ; Cyclone V          ;
; Use smart compilation                                            ; Off                ; Off                ;
; Enable parallel Assembler and Timing Analyzer during compilation ; On                 ; On                 ;
; Enable compact report table                                      ; Off                ; Off                ;
; Restructure Multiplexers                                         ; Auto               ; Auto               ;
; Create Debugging Nodes for IP Cores                              ; Off                ; Off                ;
; Preserve fewer node names                                        ; On                 ; On                 ;
; Intel FPGA IP Evaluation Mode                                    ; Enable             ; Enable             ;
; Verilog Version                                                  ; Verilog_2001       ; Verilog_2001       ;
; VHDL Version                                                     ; VHDL_1993          ; VHDL_1993          ;
; State Machine Processing                                         ; Auto               ; Auto               ;
; Safe State Machine                                               ; Off                ; Off                ;
; Extract Verilog State Machines                                   ; On                 ; On                 ;
; Extract VHDL State Machines                                      ; On                 ; On                 ;
; Ignore Verilog initial constructs                                ; Off                ; Off                ;
; Iteration limit for constant Verilog loops                       ; 5000               ; 5000               ;
; Iteration limit for non-constant Verilog loops                   ; 250                ; 250                ;
; Add Pass-Through Logic to Inferred RAMs                          ; On                 ; On                 ;
; Infer RAMs from Raw Logic                                        ; On                 ; On                 ;
; Parallel Synthesis                                               ; On                 ; On                 ;
; DSP Block Balancing                                              ; Auto               ; Auto               ;
; NOT Gate Push-Back                                               ; On                 ; On                 ;
; Power-Up Don't Care                                              ; On                 ; On                 ;
; Remove Redundant Logic Cells                                     ; Off                ; Off                ;
; Remove Duplicate Registers                                       ; On                 ; On                 ;
; Ignore CARRY Buffers                                             ; Off                ; Off                ;
; Ignore CASCADE Buffers                                           ; Off                ; Off                ;
; Ignore GLOBAL Buffers                                            ; Off                ; Off                ;
; Ignore ROW GLOBAL Buffers                                        ; Off                ; Off                ;
; Ignore LCELL Buffers                                             ; Off                ; Off                ;
; Ignore SOFT Buffers                                              ; On                 ; On                 ;
; Limit AHDL Integers to 32 Bits                                   ; Off                ; Off                ;
; Optimization Technique                                           ; Balanced           ; Balanced           ;
; Carry Chain Length                                               ; 70                 ; 70                 ;
; Auto Carry Chains                                                ; On                 ; On                 ;
; Auto Open-Drain Pins                                             ; On                 ; On                 ;
; Perform WYSIWYG Primitive Resynthesis                            ; Off                ; Off                ;
; Auto ROM Replacement                                             ; On                 ; On                 ;
; Auto RAM Replacement                                             ; On                 ; On                 ;
; Auto DSP Block Replacement                                       ; On                 ; On                 ;
; Auto Shift Register Replacement                                  ; Auto               ; Auto               ;
; Allow Shift Register Merging across Hierarchies                  ; Auto               ; Auto               ;
; Auto Clock Enable Replacement                                    ; On                 ; On                 ;
; Strict RAM Replacement                                           ; Off                ; Off                ;
; Allow Synchronous Control Signals                                ; On                 ; On                 ;
; Force Use of Synchronous Clear Signals                           ; Off                ; Off                ;
; Auto RAM Block Balancing                                         ; On                 ; On                 ;
; Auto RAM to Logic Cell Conversion                                ; Off                ; Off                ;
; Auto Resource Sharing                                            ; Off                ; Off                ;
; Allow Any RAM Size For Recognition                               ; Off                ; Off                ;
; Allow Any ROM Size For Recognition                               ; Off                ; Off                ;
; Allow Any Shift Register Size For Recognition                    ; Off                ; Off                ;
; Use LogicLock Constraints during Resource Balancing              ; On                 ; On                 ;
; Ignore translate_off and synthesis_off directives                ; Off                ; Off                ;
; Timing-Driven Synthesis                                          ; On                 ; On                 ;
; Report Parameter Settings                                        ; On                 ; On                 ;
; Report Source Assignments                                        ; On                 ; On                 ;
; Report Connectivity Checks                                       ; On                 ; On                 ;
; Ignore Maximum Fan-Out Assignments                               ; Off                ; Off                ;
; Synchronization Register Chain Length                            ; 2                  ; 2                  ;
; Power Optimization During Synthesis                              ; Normal compilation ; Normal compilation ;
; HDL message level                                                ; Level2             ; Level2             ;
; Suppress Register Optimization Related Messages                  ; Off                ; Off                ;
; Number of Removed Registers Reported in Synthesis Report         ; 5000               ; 5000               ;
; Number of Swept Nodes Reported in Synthesis Report               ; 5000               ; 5000               ;
; Number of Inverted Registers Reported in Synthesis Report        ; 100                ; 100                ;
; Clock MUX Protection                                             ; On                 ; On                 ;
; Auto Gated Clock Conversion                                      ; Off                ; Off                ;
; Block Design Naming                                              ; Auto               ; Auto               ;
; SDC constraint protection                                        ; Off                ; Off                ;
; Synthesis Effort                                                 ; Auto               ; Auto               ;
; Shift Register Replacement - Allow Asynchronous Clear Signal     ; On                 ; On                 ;
; Pre-Mapping Resynthesis Optimization                             ; Off                ; Off                ;
; Analysis & Synthesis Message Level                               ; Medium             ; Medium             ;
; Disable Register Merging Across Hierarchies                      ; Auto               ; Auto               ;
; Resource Aware Inference For Block RAM                           ; On                 ; On                 ;
+------------------------------------------------------------------+--------------------+--------------------+


+------------------------------------------+
; Parallel Compilation                     ;
+----------------------------+-------------+
; Processors                 ; Number      ;
+----------------------------+-------------+
; Number detected on machine ; 16          ;
; Maximum allowed            ; 16          ;
;                            ;             ;
; Average used               ; 1.00        ;
; Maximum used               ; 8           ;
;                            ;             ;
; Usage by Processor         ; % Time Used ;
;     Processor 1            ; 100.0%      ;
;     Processor 2            ;   0.0%      ;
;     Processor 3            ;   0.0%      ;
;     Processor 4            ;   0.0%      ;
;     Processor 5            ;   0.0%      ;
;     Processor 6            ;   0.0%      ;
;     Processor 7            ;   0.0%      ;
;     Processor 8            ;   0.0%      ;
+----------------------------+-------------+


+----------------------------------------------------------------------------------------------------------------------------------------------------------------------------------------------+
; Analysis & Synthesis Source Files Read                                                                                                                                                       ;
+----------------------------------+-----------------+------------------------------+------------------------------------------------------------------------------------------------+---------+
; File Name with User-Entered Path ; Used in Netlist ; File Type                    ; File Name with Absolute Path                                                                   ; Library ;
+----------------------------------+-----------------+------------------------------+------------------------------------------------------------------------------------------------+---------+
; DataMem.v                        ; yes             ; User Wizard-Generated File   ; C:/Users/shara/Desktop/JoSCD/Development Phase/Single_Cycle_Code/greybox_tmp/DataMem.v         ;         ;
; lpm_ram_dq.tdf                   ; yes             ; Megafunction                 ; c:/intelfpga_lite/20.1/quartus/libraries/megafunctions/lpm_ram_dq.tdf                          ;         ;
; altram.inc                       ; yes             ; Megafunction                 ; c:/intelfpga_lite/20.1/quartus/libraries/megafunctions/altram.inc                              ;         ;
; lpm_mux.inc                      ; yes             ; Megafunction                 ; c:/intelfpga_lite/20.1/quartus/libraries/megafunctions/lpm_mux.inc                             ;         ;
; lpm_decode.inc                   ; yes             ; Megafunction                 ; c:/intelfpga_lite/20.1/quartus/libraries/megafunctions/lpm_decode.inc                          ;         ;
; aglobal201.inc                   ; yes             ; Megafunction                 ; c:/intelfpga_lite/20.1/quartus/libraries/megafunctions/aglobal201.inc                          ;         ;
; altram.tdf                       ; yes             ; Megafunction                 ; c:/intelfpga_lite/20.1/quartus/libraries/megafunctions/altram.tdf                              ;         ;
; memmodes.inc                     ; yes             ; Megafunction                 ; c:/intelfpga_lite/20.1/quartus/libraries/others/maxplus2/memmodes.inc                          ;         ;
; altsyncram.inc                   ; yes             ; Megafunction                 ; c:/intelfpga_lite/20.1/quartus/libraries/megafunctions/altsyncram.inc                          ;         ;
; lpm_mux.tdf                      ; yes             ; Megafunction                 ; c:/intelfpga_lite/20.1/quartus/libraries/megafunctions/lpm_mux.tdf                             ;         ;
; muxlut.inc                       ; yes             ; Megafunction                 ; c:/intelfpga_lite/20.1/quartus/libraries/megafunctions/muxlut.inc                              ;         ;
; bypassff.inc                     ; yes             ; Megafunction                 ; c:/intelfpga_lite/20.1/quartus/libraries/megafunctions/bypassff.inc                            ;         ;
; altshift.inc                     ; yes             ; Megafunction                 ; c:/intelfpga_lite/20.1/quartus/libraries/megafunctions/altshift.inc                            ;         ;
; db/mux_mdc.tdf                   ; yes             ; Auto-Generated Megafunction  ; C:/Users/shara/Desktop/JoSCD/Development Phase/Single_Cycle_Code/greybox_tmp/db/mux_mdc.tdf    ;         ;
; lpm_decode.tdf                   ; yes             ; Megafunction                 ; c:/intelfpga_lite/20.1/quartus/libraries/megafunctions/lpm_decode.tdf                          ;         ;
; declut.inc                       ; yes             ; Megafunction                 ; c:/intelfpga_lite/20.1/quartus/libraries/megafunctions/declut.inc                              ;         ;
; lpm_compare.inc                  ; yes             ; Megafunction                 ; c:/intelfpga_lite/20.1/quartus/libraries/megafunctions/lpm_compare.inc                         ;         ;
; lpm_constant.inc                 ; yes             ; Megafunction                 ; c:/intelfpga_lite/20.1/quartus/libraries/megafunctions/lpm_constant.inc                        ;         ;
; db/decode_8gf.tdf                ; yes             ; Auto-Generated Megafunction  ; C:/Users/shara/Desktop/JoSCD/Development Phase/Single_Cycle_Code/greybox_tmp/db/decode_8gf.tdf ;         ;
+----------------------------------+-----------------+------------------------------+------------------------------------------------------------------------------------------------+---------+


+-------------------------------------------------------------+
; Analysis & Synthesis Resource Usage Summary                 ;
+---------------------------------------------+---------------+
; Resource                                    ; Usage         ;
+---------------------------------------------+---------------+
; Estimated Total logic elements              ; 59,882        ;
;                                             ;               ;
; Total combinational functions               ; 27104         ;
; Logic element usage by number of LUT inputs ;               ;
;     -- 4 input functions                    ; 24455         ;
;     -- 3 input functions                    ; 2593          ;
;     -- <=2 input functions                  ; 56            ;
;                                             ;               ;
; Logic elements by mode                      ;               ;
;     -- normal mode                          ; 27104         ;
;     -- arithmetic mode                      ; 0             ;
;                                             ;               ;
; Total registers                             ; 32778         ;
;     -- Dedicated logic registers            ; 32778         ;
;     -- I/O registers                        ; 0             ;
;                                             ;               ;
; I/O pins                                    ; 76            ;
;                                             ;               ;
; Embedded Multiplier 9-bit elements          ; 0             ;
;                                             ;               ;
; Maximum fan-out node                        ; inclock~input ;
; Maximum fan-out                             ; 32778         ;
; Total fan-out                               ; 204143        ;
; Average fan-out                             ; 3.40          ;
+---------------------------------------------+---------------+


+------------------------------------------------------------------------------------------------------------------------------------------------------------------------------------------------------------------------------------------------------------------------------------------------------------------------------+
; Analysis & Synthesis Resource Utilization by Entity                                                                                                                                                                                                                                                                          ;
+-----------------------------------------+---------------------+---------------------------+-------------+------------+--------------+---------+-----------+------+--------------+------------+--------------------------------------------------------------------------------------------------+-------------+--------------+
; Compilation Hierarchy Node              ; Combinational ALUTs ; Dedicated Logic Registers ; Memory Bits ; UFM Blocks ; DSP Elements ; DSP 9x9 ; DSP 18x18 ; Pins ; Virtual Pins ; ADC blocks ; Full Hierarchy Name                                                                              ; Entity Name ; Library Name ;
+-----------------------------------------+---------------------+---------------------------+-------------+------------+--------------+---------+-----------+------+--------------+------------+--------------------------------------------------------------------------------------------------+-------------+--------------+
; |DataMem                                ; 27104 (0)           ; 32778 (0)                 ; 0           ; 0          ; 0            ; 0       ; 0         ; 76   ; 0            ; 0          ; |DataMem                                                                                         ; DataMem     ; work         ;
;    |lpm_ram_dq:lpm_ram_dq_component|    ; 27104 (0)           ; 32778 (0)                 ; 0           ; 0          ; 0            ; 0       ; 0         ; 0    ; 0            ; 0          ; |DataMem|lpm_ram_dq:lpm_ram_dq_component                                                         ; lpm_ram_dq  ; work         ;
;       |altram:sram|                     ; 27104 (0)           ; 32778 (32778)             ; 0           ; 0          ; 0            ; 0       ; 0         ; 0    ; 0            ; 0          ; |DataMem|lpm_ram_dq:lpm_ram_dq_component|altram:sram                                             ; altram      ; work         ;
;          |lpm_decode:decode|            ; 1106 (0)            ; 0 (0)                     ; 0           ; 0          ; 0            ; 0       ; 0         ; 0    ; 0            ; 0          ; |DataMem|lpm_ram_dq:lpm_ram_dq_component|altram:sram|lpm_decode:decode                           ; lpm_decode  ; work         ;
;             |decode_8gf:auto_generated| ; 1106 (1106)         ; 0 (0)                     ; 0           ; 0          ; 0            ; 0       ; 0         ; 0    ; 0            ; 0          ; |DataMem|lpm_ram_dq:lpm_ram_dq_component|altram:sram|lpm_decode:decode|decode_8gf:auto_generated ; decode_8gf  ; work         ;
;          |lpm_mux:mux|                  ; 25998 (0)           ; 0 (0)                     ; 0           ; 0          ; 0            ; 0       ; 0         ; 0    ; 0            ; 0          ; |DataMem|lpm_ram_dq:lpm_ram_dq_component|altram:sram|lpm_mux:mux                                 ; lpm_mux     ; work         ;
;             |mux_mdc:auto_generated|    ; 25998 (25998)       ; 0 (0)                     ; 0           ; 0          ; 0            ; 0       ; 0         ; 0    ; 0            ; 0          ; |DataMem|lpm_ram_dq:lpm_ram_dq_component|altram:sram|lpm_mux:mux|mux_mdc:auto_generated          ; mux_mdc     ; work         ;
+-----------------------------------------+---------------------+---------------------------+-------------+------------+--------------+---------+-----------+------+--------------+------------+--------------------------------------------------------------------------------------------------+-------------+--------------+
Note: For table entries with two numbers listed, the numbers in parentheses indicate the number of resources of the given type used by the specific entity alone. The numbers listed outside of parentheses indicate the total resources of the given type used by the specific entity and all of its sub-entities in the hierarchy.


+------------------------------------------------------+
; General Register Statistics                          ;
+----------------------------------------------+-------+
; Statistic                                    ; Value ;
+----------------------------------------------+-------+
; Total registers                              ; 32778 ;
; Number of registers using Synchronous Clear  ; 0     ;
; Number of registers using Synchronous Load   ; 0     ;
; Number of registers using Asynchronous Clear ; 0     ;
; Number of registers using Asynchronous Load  ; 0     ;
; Number of registers using Clock Enable       ; 32768 ;
; Number of registers using Preset             ; 0     ;
+----------------------------------------------+-------+


+------------------------------------------------------------------------------+
; Parameter Settings for User Entity Instance: lpm_ram_dq:lpm_ram_dq_component ;
+------------------------+--------------+--------------------------------------+
; Parameter Name         ; Value        ; Type                                 ;
+------------------------+--------------+--------------------------------------+
; LPM_WIDTH              ; 32           ; Signed Integer                       ;
; LPM_WIDTHAD            ; 10           ; Signed Integer                       ;
; LPM_NUMWORDS           ; 1024         ; Untyped                              ;
; LPM_INDATA             ; REGISTERED   ; Untyped                              ;
; LPM_ADDRESS_CONTROL    ; REGISTERED   ; Untyped                              ;
; LPM_OUTDATA            ; UNREGISTERED ; Untyped                              ;
; LPM_FILE               ; UNUSED       ; Untyped                              ;
; USE_EAB                ; OFF          ; Untyped                              ;
; DEVICE_FAMILY          ; MAX 10       ; Untyped                              ;
; CBXI_PARAMETER         ; NOTHING      ; Untyped                              ;
; AUTO_CARRY_CHAINS      ; ON           ; AUTO_CARRY                           ;
; IGNORE_CARRY_BUFFERS   ; OFF          ; IGNORE_CARRY                         ;
; AUTO_CASCADE_CHAINS    ; ON           ; AUTO_CASCADE                         ;
; IGNORE_CASCADE_BUFFERS ; OFF          ; IGNORE_CASCADE                       ;
+------------------------+--------------+--------------------------------------+
Note: In order to hide this table in the UI and the text report file, please set the "Show Parameter Settings in Synthesis Report" option in "Analysis and Synthesis Settings -> More Settings" to "Off".


+-----------------------------------------------------+
; Post-Synthesis Netlist Statistics for Top Partition ;
+-----------------------+-----------------------------+
; Type                  ; Count                       ;
+-----------------------+-----------------------------+
; boundary_port         ; 76                          ;
; cycloneiii_ff         ; 32778                       ;
;     ENA               ; 32768                       ;
;     plain             ; 10                          ;
; cycloneiii_lcell_comb ; 27104                       ;
;     normal            ; 27104                       ;
;         2 data inputs ; 56                          ;
;         3 data inputs ; 2593                        ;
;         4 data inputs ; 24455                       ;
;                       ;                             ;
; Max LUT depth         ; 12.00                       ;
; Average LUT depth     ; 8.58                        ;
+-----------------------+-----------------------------+


+-------------------------------+
; Elapsed Time Per Partition    ;
+----------------+--------------+
; Partition Name ; Elapsed Time ;
+----------------+--------------+
; Top            ; 00:09:20     ;
+----------------+--------------+


+-------------------------------+
; Analysis & Synthesis Messages ;
+-------------------------------+
Info: *******************************************************************
Info: Running Quartus Prime Analysis & Synthesis
    Info: Version 20.1.1 Build 720 11/11/2020 SJ Lite Edition
    Info: Copyright (C) 2020  Intel Corporation. All rights reserved.
    Info: Your use of Intel Corporation's design tools, logic functions 
    Info: and other software and tools, and any partner logic 
    Info: functions, and any output files from any of the foregoing 
    Info: (including device programming or simulation files), and any 
    Info: associated documentation or information are expressly subject 
    Info: to the terms and conditions of the Intel Program License 
    Info: Subscription Agreement, the Intel Quartus Prime License Agreement,
    Info: the Intel FPGA IP License Agreement, or other applicable license
    Info: agreement, including, without limitation, that your use is for
    Info: the sole purpose of programming logic devices manufactured by
    Info: Intel and sold by Intel or its authorized distributors.  Please
    Info: refer to the applicable agreement for further details, at
    Info: https://fpgasoftware.intel.com/eula.
    Info: Processing started: Mon Nov 25 02:22:10 2024
Info: Command: quartus_map DataMem --source=DataMem.v --ini=greybox_disable_cut_checks=on --family="MAX 10"
Info (20034): Auto device selection is not supported for MAX 10 device family. The default device, 10M08DAF484C8G, is set.
Warning (18236): Number of processors has not been specified which may cause overloading on shared machines.  Set the global assignment NUM_PARALLEL_PROCESSORS in your QSF to an appropriate value for best performance.
Info (20030): Parallel compilation is enabled and will use 16 of the 16 processors detected
Info (12021): Found 1 design units, including 1 entities, in source file datamem.v
    Info (12023): Found entity 1: DataMem File: C:/Users/shara/Desktop/JoSCD/Development Phase/Single_Cycle_Code/greybox_tmp/DataMem.v Line: 40
Info (12127): Elaborating entity "DataMem" for the top level hierarchy
Info (12128): Elaborating entity "lpm_ram_dq" for hierarchy "lpm_ram_dq:lpm_ram_dq_component" File: C:/Users/shara/Desktop/JoSCD/Development Phase/Single_Cycle_Code/greybox_tmp/DataMem.v Line: 69
Info (12130): Elaborated megafunction instantiation "lpm_ram_dq:lpm_ram_dq_component" File: C:/Users/shara/Desktop/JoSCD/Development Phase/Single_Cycle_Code/greybox_tmp/DataMem.v Line: 69
Info (12133): Instantiated megafunction "lpm_ram_dq:lpm_ram_dq_component" with the following parameter: File: C:/Users/shara/Desktop/JoSCD/Development Phase/Single_Cycle_Code/greybox_tmp/DataMem.v Line: 69
    Info (12134): Parameter "intended_device_family" = "MAX 10"
    Info (12134): Parameter "lpm_address_control" = "REGISTERED"
    Info (12134): Parameter "lpm_indata" = "REGISTERED"
    Info (12134): Parameter "lpm_outdata" = "UNREGISTERED"
    Info (12134): Parameter "lpm_type" = "LPM_RAM_DQ"
    Info (12134): Parameter "lpm_width" = "32"
    Info (12134): Parameter "lpm_widthad" = "10"
    Info (12134): Parameter "use_eab" = "OFF"
Info (12128): Elaborating entity "altram" for hierarchy "lpm_ram_dq:lpm_ram_dq_component|altram:sram" File: c:/intelfpga_lite/20.1/quartus/libraries/megafunctions/lpm_ram_dq.tdf Line: 76
Info (12131): Elaborated megafunction instantiation "lpm_ram_dq:lpm_ram_dq_component|altram:sram", which is child of megafunction instantiation "lpm_ram_dq:lpm_ram_dq_component" File: c:/intelfpga_lite/20.1/quartus/libraries/megafunctions/lpm_ram_dq.tdf Line: 76
Info (12128): Elaborating entity "lpm_mux" for hierarchy "lpm_ram_dq:lpm_ram_dq_component|altram:sram|lpm_mux:mux" File: c:/intelfpga_lite/20.1/quartus/libraries/megafunctions/altram.tdf Line: 193
Info (12131): Elaborated megafunction instantiation "lpm_ram_dq:lpm_ram_dq_component|altram:sram|lpm_mux:mux", which is child of megafunction instantiation "lpm_ram_dq:lpm_ram_dq_component" File: c:/intelfpga_lite/20.1/quartus/libraries/megafunctions/altram.tdf Line: 193
Info (12021): Found 1 design units, including 1 entities, in source file db/mux_mdc.tdf
    Info (12023): Found entity 1: mux_mdc File: C:/Users/shara/Desktop/JoSCD/Development Phase/Single_Cycle_Code/greybox_tmp/db/mux_mdc.tdf Line: 23
Info (12128): Elaborating entity "mux_mdc" for hierarchy "lpm_ram_dq:lpm_ram_dq_component|altram:sram|lpm_mux:mux|mux_mdc:auto_generated" File: c:/intelfpga_lite/20.1/quartus/libraries/megafunctions/lpm_mux.tdf Line: 87
Info (12128): Elaborating entity "lpm_decode" for hierarchy "lpm_ram_dq:lpm_ram_dq_component|altram:sram|lpm_decode:decode" File: c:/intelfpga_lite/20.1/quartus/libraries/megafunctions/altram.tdf Line: 196
Info (12131): Elaborated megafunction instantiation "lpm_ram_dq:lpm_ram_dq_component|altram:sram|lpm_decode:decode", which is child of megafunction instantiation "lpm_ram_dq:lpm_ram_dq_component" File: c:/intelfpga_lite/20.1/quartus/libraries/megafunctions/altram.tdf Line: 196
Info (12021): Found 1 design units, including 1 entities, in source file db/decode_8gf.tdf
    Info (12023): Found entity 1: decode_8gf File: C:/Users/shara/Desktop/JoSCD/Development Phase/Single_Cycle_Code/greybox_tmp/db/decode_8gf.tdf Line: 23
Info (12128): Elaborating entity "decode_8gf" for hierarchy "lpm_ram_dq:lpm_ram_dq_component|altram:sram|lpm_decode:decode|decode_8gf:auto_generated" File: c:/intelfpga_lite/20.1/quartus/libraries/megafunctions/lpm_decode.tdf Line: 77
Info (286030): Timing-Driven Synthesis is running
Info (16010): Generating hard_block partition "hard_block:auto_generated_inst"
    Info (16011): Adding 0 node(s), including 0 DDIO, 0 PLL, 0 transceiver and 0 LCELL
Info (21057): Implemented 59958 device resources after synthesis - the final resource count might be different
    Info (21058): Implemented 44 input pins
    Info (21059): Implemented 32 output pins
    Info (21061): Implemented 59882 logic cells
Info: Quartus Prime Analysis & Synthesis was successful. 0 errors, 1 warning
    Info: Peak virtual memory: 5934 megabytes
    Info: Processing ended: Mon Nov 25 02:39:55 2024
    Info: Elapsed time: 00:17:45
    Info: Total CPU time (on all processors): 00:17:18


