Analysis & Synthesis report for single_cycle
Mon Nov 25 10:55:20 2024
Quartus Prime Version 20.1.1 Build 720 11/11/2020 SJ Lite Edition


---------------------
; Table of Contents ;
---------------------
  1. Legal Notice
  2. Analysis & Synthesis Summary
  3. Analysis & Synthesis Settings
  4. Parallel Compilation
  5. Analysis & Synthesis Source Files Read
  6. Analysis & Synthesis Resource Usage Summary
  7. Analysis & Synthesis Resource Utilization by Entity
  8. Analysis & Synthesis RAM Summary
  9. Analysis & Synthesis IP Cores Summary
 10. Registers Removed During Synthesis
 11. General Register Statistics
 12. Multiplexer Restructuring Statistics (Restructuring Performed)
 13. Source assignments for InstMem:IM|altsyncram:altsyncram_component|altsyncram_gdb1:auto_generated
 14. Source assignments for DataMem:DM_|altsyncram:altsyncram_component|altsyncram_mfk1:auto_generated
 15. Parameter Settings for User Entity Instance: Adder:PCAdder
 16. Parameter Settings for User Entity Instance: InstMem:IM|altsyncram:altsyncram_component
 17. Parameter Settings for User Entity Instance: ControlUnit:CU
 18. Parameter Settings for User Entity Instance: mux2X1:RFInter_
 19. Parameter Settings for User Entity Instance: mux2X1:RFMux_
 20. Parameter Settings for User Entity Instance: mux2X1:ALUMux1_
 21. Parameter Settings for User Entity Instance: mux2X1:ALUMux2_
 22. Parameter Settings for User Entity Instance: ALU:Alu
 23. Parameter Settings for User Entity Instance: Adder:branchAdder_
 24. Parameter Settings for User Entity Instance: DataMem:DM_|altsyncram:altsyncram_component
 25. Parameter Settings for User Entity Instance: mux2X1:WBMux1_
 26. Parameter Settings for User Entity Instance: mux2X1:WBMux2_
 27. Parameter Settings for User Entity Instance: mux4x1:PCMux_
 28. altsyncram Parameter Settings by Entity Instance
 29. Port Connectivity Checks: "mux4x1:PCMux_"
 30. Port Connectivity Checks: "mux2X1:ALUMux1_"
 31. Port Connectivity Checks: "mux2X1:RFMux_"
 32. Port Connectivity Checks: "InstMem:IM"
 33. Port Connectivity Checks: "Adder:PCAdder"
 34. Port Connectivity Checks: "ProgramCounter:pc"
 35. Post-Synthesis Netlist Statistics for Top Partition
 36. Elapsed Time Per Partition
 37. Analysis & Synthesis Messages
 38. Analysis & Synthesis Suppressed Messages



----------------
; Legal Notice ;
----------------
Copyright (C) 2020  Intel Corporation. All rights reserved.
Your use of Intel Corporation's design tools, logic functions 
and other software and tools, and any partner logic 
functions, and any output files from any of the foregoing 
(including device programming or simulation files), and any 
associated documentation or information are expressly subject 
to the terms and conditions of the Intel Program License 
Subscription Agreement, the Intel Quartus Prime License Agreement,
the Intel FPGA IP License Agreement, or other applicable license
agreement, including, without limitation, that your use is for
the sole purpose of programming logic devices manufactured by
Intel and sold by Intel or its authorized distributors.  Please
refer to the applicable agreement for further details, at
https://fpgasoftware.intel.com/eula.



+----------------------------------------------------------------------------------+
; Analysis & Synthesis Summary                                                     ;
+------------------------------------+---------------------------------------------+
; Analysis & Synthesis Status        ; Successful - Mon Nov 25 10:55:20 2024       ;
; Quartus Prime Version              ; 20.1.1 Build 720 11/11/2020 SJ Lite Edition ;
; Revision Name                      ; single_cycle                                ;
; Top-level Entity Name              ; single_cycle                                ;
; Family                             ; MAX 10                                      ;
; Total logic elements               ; 3,329                                       ;
;     Total combinational functions  ; 2,369                                       ;
;     Dedicated logic registers      ; 1,024                                       ;
; Total registers                    ; 1024                                        ;
; Total pins                         ; 34                                          ;
; Total virtual pins                 ; 0                                           ;
; Total memory bits                  ; 163,840                                     ;
; Embedded Multiplier 9-bit elements ; 0                                           ;
; Total PLLs                         ; 0                                           ;
; UFM blocks                         ; 0                                           ;
; ADC blocks                         ; 0                                           ;
+------------------------------------+---------------------------------------------+


+------------------------------------------------------------------------------------------------------------+
; Analysis & Synthesis Settings                                                                              ;
+------------------------------------------------------------------+--------------------+--------------------+
; Option                                                           ; Setting            ; Default Value      ;
+------------------------------------------------------------------+--------------------+--------------------+
; Device                                                           ; 10M50DAF484C7G     ;                    ;
; Top-level entity name                                            ; single_cycle       ; single_cycle       ;
; Family name                                                      ; MAX 10             ; Cyclone V          ;
; Use smart compilation                                            ; Off                ; Off                ;
; Enable parallel Assembler and Timing Analyzer during compilation ; On                 ; On                 ;
; Enable compact report table                                      ; Off                ; Off                ;
; Restructure Multiplexers                                         ; Auto               ; Auto               ;
; Create Debugging Nodes for IP Cores                              ; Off                ; Off                ;
; Preserve fewer node names                                        ; On                 ; On                 ;
; Intel FPGA IP Evaluation Mode                                    ; Enable             ; Enable             ;
; Verilog Version                                                  ; Verilog_2001       ; Verilog_2001       ;
; VHDL Version                                                     ; VHDL_1993          ; VHDL_1993          ;
; State Machine Processing                                         ; Auto               ; Auto               ;
; Safe State Machine                                               ; Off                ; Off                ;
; Extract Verilog State Machines                                   ; On                 ; On                 ;
; Extract VHDL State Machines                                      ; On                 ; On                 ;
; Ignore Verilog initial constructs                                ; Off                ; Off                ;
; Iteration limit for constant Verilog loops                       ; 5000               ; 5000               ;
; Iteration limit for non-constant Verilog loops                   ; 250                ; 250                ;
; Add Pass-Through Logic to Inferred RAMs                          ; On                 ; On                 ;
; Infer RAMs from Raw Logic                                        ; On                 ; On                 ;
; Parallel Synthesis                                               ; On                 ; On                 ;
; DSP Block Balancing                                              ; Auto               ; Auto               ;
; NOT Gate Push-Back                                               ; On                 ; On                 ;
; Power-Up Don't Care                                              ; On                 ; On                 ;
; Remove Redundant Logic Cells                                     ; Off                ; Off                ;
; Remove Duplicate Registers                                       ; On                 ; On                 ;
; Ignore CARRY Buffers                                             ; Off                ; Off                ;
; Ignore CASCADE Buffers                                           ; Off                ; Off                ;
; Ignore GLOBAL Buffers                                            ; Off                ; Off                ;
; Ignore ROW GLOBAL Buffers                                        ; Off                ; Off                ;
; Ignore LCELL Buffers                                             ; Off                ; Off                ;
; Ignore SOFT Buffers                                              ; On                 ; On                 ;
; Limit AHDL Integers to 32 Bits                                   ; Off                ; Off                ;
; Optimization Technique                                           ; Balanced           ; Balanced           ;
; Carry Chain Length                                               ; 70                 ; 70                 ;
; Auto Carry Chains                                                ; On                 ; On                 ;
; Auto Open-Drain Pins                                             ; On                 ; On                 ;
; Perform WYSIWYG Primitive Resynthesis                            ; Off                ; Off                ;
; Auto ROM Replacement                                             ; On                 ; On                 ;
; Auto RAM Replacement                                             ; On                 ; On                 ;
; Auto DSP Block Replacement                                       ; On                 ; On                 ;
; Auto Shift Register Replacement                                  ; Auto               ; Auto               ;
; Allow Shift Register Merging across Hierarchies                  ; Auto               ; Auto               ;
; Auto Clock Enable Replacement                                    ; On                 ; On                 ;
; Strict RAM Replacement                                           ; Off                ; Off                ;
; Allow Synchronous Control Signals                                ; On                 ; On                 ;
; Force Use of Synchronous Clear Signals                           ; Off                ; Off                ;
; Auto RAM Block Balancing                                         ; On                 ; On                 ;
; Auto RAM to Logic Cell Conversion                                ; Off                ; Off                ;
; Auto Resource Sharing                                            ; Off                ; Off                ;
; Allow Any RAM Size For Recognition                               ; Off                ; Off                ;
; Allow Any ROM Size For Recognition                               ; Off                ; Off                ;
; Allow Any Shift Register Size For Recognition                    ; Off                ; Off                ;
; Use LogicLock Constraints during Resource Balancing              ; On                 ; On                 ;
; Ignore translate_off and synthesis_off directives                ; Off                ; Off                ;
; Timing-Driven Synthesis                                          ; On                 ; On                 ;
; Report Parameter Settings                                        ; On                 ; On                 ;
; Report Source Assignments                                        ; On                 ; On                 ;
; Report Connectivity Checks                                       ; On                 ; On                 ;
; Ignore Maximum Fan-Out Assignments                               ; Off                ; Off                ;
; Synchronization Register Chain Length                            ; 2                  ; 2                  ;
; Power Optimization During Synthesis                              ; Normal compilation ; Normal compilation ;
; HDL message level                                                ; Level2             ; Level2             ;
; Suppress Register Optimization Related Messages                  ; Off                ; Off                ;
; Number of Removed Registers Reported in Synthesis Report         ; 5000               ; 5000               ;
; Number of Swept Nodes Reported in Synthesis Report               ; 5000               ; 5000               ;
; Number of Inverted Registers Reported in Synthesis Report        ; 100                ; 100                ;
; Clock MUX Protection                                             ; On                 ; On                 ;
; Auto Gated Clock Conversion                                      ; Off                ; Off                ;
; Block Design Naming                                              ; Auto               ; Auto               ;
; SDC constraint protection                                        ; Off                ; Off                ;
; Synthesis Effort                                                 ; Auto               ; Auto               ;
; Shift Register Replacement - Allow Asynchronous Clear Signal     ; On                 ; On                 ;
; Pre-Mapping Resynthesis Optimization                             ; Off                ; Off                ;
; Analysis & Synthesis Message Level                               ; Medium             ; Medium             ;
; Disable Register Merging Across Hierarchies                      ; Auto               ; Auto               ;
; Resource Aware Inference For Block RAM                           ; On                 ; On                 ;
+------------------------------------------------------------------+--------------------+--------------------+


+------------------------------------------+
; Parallel Compilation                     ;
+----------------------------+-------------+
; Processors                 ; Number      ;
+----------------------------+-------------+
; Number detected on machine ; 16          ;
; Maximum allowed            ; 16          ;
;                            ;             ;
; Average used               ; 1.01        ;
; Maximum used               ; 16          ;
;                            ;             ;
; Usage by Processor         ; % Time Used ;
;     Processor 1            ; 100.0%      ;
;     Processor 2            ;   0.1%      ;
;     Processor 3            ;   0.1%      ;
;     Processor 4            ;   0.1%      ;
;     Processor 5            ;   0.1%      ;
;     Processor 6            ;   0.1%      ;
;     Processor 7            ;   0.1%      ;
;     Processor 8            ;   0.1%      ;
;     Processors 9-16        ;   0.0%      ;
+----------------------------+-------------+


+-------------------------------------------------------------------------------------------------------------------------------------------------------------------------------------------+
; Analysis & Synthesis Source Files Read                                                                                                                                                    ;
+----------------------------------+-----------------+----------------------------------+-----------------------------------------------------------------------------------------+---------+
; File Name with User-Entered Path ; Used in Netlist ; File Type                        ; File Name with Absolute Path                                                            ; Library ;
+----------------------------------+-----------------+----------------------------------+-----------------------------------------------------------------------------------------+---------+
; DataMIF.mif                      ; yes             ; User Memory Initialization File  ; C:/Users/shara/Desktop/JoSCD/Development Phase/Single_Cycle_Code/DataMIF.mif            ;         ;
; InstMIF.mif                      ; yes             ; User Memory Initialization File  ; C:/Users/shara/Desktop/JoSCD/Development Phase/Single_Cycle_Code/InstMIF.mif            ;         ;
; Adder.v                          ; yes             ; User Verilog HDL File            ; C:/Users/shara/Desktop/JoSCD/Development Phase/Single_Cycle_Code/Adder.v                ;         ;
; ProgramCounter.v                 ; yes             ; User Verilog HDL File            ; C:/Users/shara/Desktop/JoSCD/Development Phase/Single_Cycle_Code/ProgramCounter.v       ;         ;
; single_cycle.v                   ; yes             ; User Verilog HDL File            ; C:/Users/shara/Desktop/JoSCD/Development Phase/Single_Cycle_Code/single_cycle.v         ;         ;
; InstMem.v                        ; yes             ; User Wizard-Generated File       ; C:/Users/shara/Desktop/JoSCD/Development Phase/Single_Cycle_Code/InstMem.v              ;         ;
; ControlUnit.v                    ; yes             ; User Verilog HDL File            ; C:/Users/shara/Desktop/JoSCD/Development Phase/Single_Cycle_Code/ControlUnit.v          ;         ;
; mux2X1.v                         ; yes             ; User Verilog HDL File            ; C:/Users/shara/Desktop/JoSCD/Development Phase/Single_Cycle_Code/mux2X1.v               ;         ;
; RegisterFile.v                   ; yes             ; User Verilog HDL File            ; C:/Users/shara/Desktop/JoSCD/Development Phase/Single_Cycle_Code/RegisterFile.v         ;         ;
; SignExtender.v                   ; yes             ; User Verilog HDL File            ; C:/Users/shara/Desktop/JoSCD/Development Phase/Single_Cycle_Code/SignExtender.v         ;         ;
; mux4x1.v                         ; yes             ; User Verilog HDL File            ; C:/Users/shara/Desktop/JoSCD/Development Phase/Single_Cycle_Code/mux4x1.v               ;         ;
; ALU.v                            ; yes             ; User Verilog HDL File            ; C:/Users/shara/Desktop/JoSCD/Development Phase/Single_Cycle_Code/ALU.v                  ;         ;
; DataMem.v                        ; yes             ; User Wizard-Generated File       ; C:/Users/shara/Desktop/JoSCD/Development Phase/Single_Cycle_Code/DataMem.v              ;         ;
; altsyncram.tdf                   ; yes             ; Megafunction                     ; c:/intelfpga_lite/20.1/quartus/libraries/megafunctions/altsyncram.tdf                   ;         ;
; stratix_ram_block.inc            ; yes             ; Megafunction                     ; c:/intelfpga_lite/20.1/quartus/libraries/megafunctions/stratix_ram_block.inc            ;         ;
; lpm_mux.inc                      ; yes             ; Megafunction                     ; c:/intelfpga_lite/20.1/quartus/libraries/megafunctions/lpm_mux.inc                      ;         ;
; lpm_decode.inc                   ; yes             ; Megafunction                     ; c:/intelfpga_lite/20.1/quartus/libraries/megafunctions/lpm_decode.inc                   ;         ;
; aglobal201.inc                   ; yes             ; Megafunction                     ; c:/intelfpga_lite/20.1/quartus/libraries/megafunctions/aglobal201.inc                   ;         ;
; a_rdenreg.inc                    ; yes             ; Megafunction                     ; c:/intelfpga_lite/20.1/quartus/libraries/megafunctions/a_rdenreg.inc                    ;         ;
; altrom.inc                       ; yes             ; Megafunction                     ; c:/intelfpga_lite/20.1/quartus/libraries/megafunctions/altrom.inc                       ;         ;
; altram.inc                       ; yes             ; Megafunction                     ; c:/intelfpga_lite/20.1/quartus/libraries/megafunctions/altram.inc                       ;         ;
; altdpram.inc                     ; yes             ; Megafunction                     ; c:/intelfpga_lite/20.1/quartus/libraries/megafunctions/altdpram.inc                     ;         ;
; db/altsyncram_gdb1.tdf           ; yes             ; Auto-Generated Megafunction      ; C:/Users/shara/Desktop/JoSCD/Development Phase/Single_Cycle_Code/db/altsyncram_gdb1.tdf ;         ;
; db/altsyncram_mfk1.tdf           ; yes             ; Auto-Generated Megafunction      ; C:/Users/shara/Desktop/JoSCD/Development Phase/Single_Cycle_Code/db/altsyncram_mfk1.tdf ;         ;
+----------------------------------+-----------------+----------------------------------+-----------------------------------------------------------------------------------------+---------+


+---------------------------------------------------------+
; Analysis & Synthesis Resource Usage Summary             ;
+---------------------------------------------+-----------+
; Resource                                    ; Usage     ;
+---------------------------------------------+-----------+
; Estimated Total logic elements              ; 3,329     ;
;                                             ;           ;
; Total combinational functions               ; 2369      ;
; Logic element usage by number of LUT inputs ;           ;
;     -- 4 input functions                    ; 1928      ;
;     -- 3 input functions                    ; 363       ;
;     -- <=2 input functions                  ; 78        ;
;                                             ;           ;
; Logic elements by mode                      ;           ;
;     -- normal mode                          ; 2213      ;
;     -- arithmetic mode                      ; 156       ;
;                                             ;           ;
; Total registers                             ; 1024      ;
;     -- Dedicated logic registers            ; 1024      ;
;     -- I/O registers                        ; 0         ;
;                                             ;           ;
; I/O pins                                    ; 34        ;
; Total memory bits                           ; 163840    ;
;                                             ;           ;
; Embedded Multiplier 9-bit elements          ; 0         ;
;                                             ;           ;
; Maximum fan-out node                        ; clk~input ;
; Maximum fan-out                             ; 1088      ;
; Total fan-out                               ; 12926     ;
; Average fan-out                             ; 3.67      ;
+---------------------------------------------+-----------+


+----------------------------------------------------------------------------------------------------------------------------------------------------------------------------------------------------------------------------------------------------------------------------------------------------------------------------+
; Analysis & Synthesis Resource Utilization by Entity                                                                                                                                                                                                                                                                        ;
+-------------------------------------------+---------------------+---------------------------+-------------+------------+--------------+---------+-----------+------+--------------+------------+------------------------------------------------------------------------------------------+-----------------+--------------+
; Compilation Hierarchy Node                ; Combinational ALUTs ; Dedicated Logic Registers ; Memory Bits ; UFM Blocks ; DSP Elements ; DSP 9x9 ; DSP 18x18 ; Pins ; Virtual Pins ; ADC blocks ; Full Hierarchy Name                                                                      ; Entity Name     ; Library Name ;
+-------------------------------------------+---------------------+---------------------------+-------------+------------+--------------+---------+-----------+------+--------------+------------+------------------------------------------------------------------------------------------+-----------------+--------------+
; |single_cycle                             ; 2369 (5)            ; 1024 (0)                  ; 163840      ; 0          ; 0            ; 0       ; 0         ; 34   ; 0            ; 0          ; |single_cycle                                                                            ; single_cycle    ; work         ;
;    |ALU:Alu|                              ; 675 (675)           ; 0 (0)                     ; 0           ; 0          ; 0            ; 0       ; 0         ; 0    ; 0            ; 0          ; |single_cycle|ALU:Alu                                                                    ; ALU             ; work         ;
;    |Adder:PCAdder|                        ; 32 (32)             ; 0 (0)                     ; 0           ; 0          ; 0            ; 0       ; 0         ; 0    ; 0            ; 0          ; |single_cycle|Adder:PCAdder                                                              ; Adder           ; work         ;
;    |Adder:branchAdder_|                   ; 32 (32)             ; 0 (0)                     ; 0           ; 0          ; 0            ; 0       ; 0         ; 0    ; 0            ; 0          ; |single_cycle|Adder:branchAdder_                                                         ; Adder           ; work         ;
;    |ControlUnit:CU|                       ; 43 (43)             ; 0 (0)                     ; 0           ; 0          ; 0            ; 0       ; 0         ; 0    ; 0            ; 0          ; |single_cycle|ControlUnit:CU                                                             ; ControlUnit     ; work         ;
;    |DataMem:DM_|                          ; 0 (0)               ; 0 (0)                     ; 32768       ; 0          ; 0            ; 0       ; 0         ; 0    ; 0            ; 0          ; |single_cycle|DataMem:DM_                                                                ; DataMem         ; work         ;
;       |altsyncram:altsyncram_component|   ; 0 (0)               ; 0 (0)                     ; 32768       ; 0          ; 0            ; 0       ; 0         ; 0    ; 0            ; 0          ; |single_cycle|DataMem:DM_|altsyncram:altsyncram_component                                ; altsyncram      ; work         ;
;          |altsyncram_mfk1:auto_generated| ; 0 (0)               ; 0 (0)                     ; 32768       ; 0          ; 0            ; 0       ; 0         ; 0    ; 0            ; 0          ; |single_cycle|DataMem:DM_|altsyncram:altsyncram_component|altsyncram_mfk1:auto_generated ; altsyncram_mfk1 ; work         ;
;    |InstMem:IM|                           ; 0 (0)               ; 0 (0)                     ; 131072      ; 0          ; 0            ; 0       ; 0         ; 0    ; 0            ; 0          ; |single_cycle|InstMem:IM                                                                 ; InstMem         ; work         ;
;       |altsyncram:altsyncram_component|   ; 0 (0)               ; 0 (0)                     ; 131072      ; 0          ; 0            ; 0       ; 0         ; 0    ; 0            ; 0          ; |single_cycle|InstMem:IM|altsyncram:altsyncram_component                                 ; altsyncram      ; work         ;
;          |altsyncram_gdb1:auto_generated| ; 0 (0)               ; 0 (0)                     ; 131072      ; 0          ; 0            ; 0       ; 0         ; 0    ; 0            ; 0          ; |single_cycle|InstMem:IM|altsyncram:altsyncram_component|altsyncram_gdb1:auto_generated  ; altsyncram_gdb1 ; work         ;
;    |ProgramCounter:pc|                    ; 42 (42)             ; 32 (32)                   ; 0           ; 0          ; 0            ; 0       ; 0         ; 0    ; 0            ; 0          ; |single_cycle|ProgramCounter:pc                                                          ; ProgramCounter  ; work         ;
;    |RegisterFile:RF|                      ; 1398 (1398)         ; 992 (992)                 ; 0           ; 0          ; 0            ; 0       ; 0         ; 0    ; 0            ; 0          ; |single_cycle|RegisterFile:RF                                                            ; RegisterFile    ; work         ;
;    |mux2X1:ALUMux1_|                      ; 36 (36)             ; 0 (0)                     ; 0           ; 0          ; 0            ; 0       ; 0         ; 0    ; 0            ; 0          ; |single_cycle|mux2X1:ALUMux1_                                                            ; mux2X1          ; work         ;
;    |mux2X1:ALUMux2_|                      ; 37 (37)             ; 0 (0)                     ; 0           ; 0          ; 0            ; 0       ; 0         ; 0    ; 0            ; 0          ; |single_cycle|mux2X1:ALUMux2_                                                            ; mux2X1          ; work         ;
;    |mux2X1:RFMux_|                        ; 5 (5)               ; 0 (0)                     ; 0           ; 0          ; 0            ; 0       ; 0         ; 0    ; 0            ; 0          ; |single_cycle|mux2X1:RFMux_                                                              ; mux2X1          ; work         ;
;    |mux4x1:PCMux_|                        ; 64 (64)             ; 0 (0)                     ; 0           ; 0          ; 0            ; 0       ; 0         ; 0    ; 0            ; 0          ; |single_cycle|mux4x1:PCMux_                                                              ; mux4x1          ; work         ;
+-------------------------------------------+---------------------+---------------------------+-------------+------------+--------------+---------+-----------+------+--------------+------------+------------------------------------------------------------------------------------------+-----------------+--------------+
Note: For table entries with two numbers listed, the numbers in parentheses indicate the number of resources of the given type used by the specific entity alone. The numbers listed outside of parentheses indicate the total resources of the given type used by the specific entity and all of its sub-entities in the hierarchy.


+-----------------------------------------------------------------------------------------------------------------------------------------------------------------------------------------------+
; Analysis & Synthesis RAM Summary                                                                                                                                                              ;
+---------------------------------------------------------------------------------------+------+-------------+--------------+--------------+--------------+--------------+--------+-------------+
; Name                                                                                  ; Type ; Mode        ; Port A Depth ; Port A Width ; Port B Depth ; Port B Width ; Size   ; MIF         ;
+---------------------------------------------------------------------------------------+------+-------------+--------------+--------------+--------------+--------------+--------+-------------+
; DataMem:DM_|altsyncram:altsyncram_component|altsyncram_mfk1:auto_generated|ALTSYNCRAM ; M9K  ; Single Port ; 1024         ; 32           ; --           ; --           ; 32768  ; DataMIF.mif ;
; InstMem:IM|altsyncram:altsyncram_component|altsyncram_gdb1:auto_generated|ALTSYNCRAM  ; M9K  ; ROM         ; 4096         ; 32           ; --           ; --           ; 131072 ; InstMIF.mif ;
+---------------------------------------------------------------------------------------+------+-------------+--------------+--------------+--------------+--------------+--------+-------------+


+-------------------------------------------------------------------------------------------------------------+
; Analysis & Synthesis IP Cores Summary                                                                       ;
+--------+--------------+---------+--------------+--------------+---------------------------+-----------------+
; Vendor ; IP Core Name ; Version ; Release Date ; License Type ; Entity Instance           ; IP Include File ;
+--------+--------------+---------+--------------+--------------+---------------------------+-----------------+
; Altera ; RAM: 1-PORT  ; 20.1    ; N/A          ; N/A          ; |single_cycle|DataMem:DM_ ; DataMem.v       ;
; Altera ; ROM: 1-PORT  ; 20.1    ; N/A          ; N/A          ; |single_cycle|InstMem:IM  ; InstMem.v       ;
+--------+--------------+---------+--------------+--------------+---------------------------+-----------------+


+---------------------------------------------------------------------------------+
; Registers Removed During Synthesis                                              ;
+----------------------------------------+----------------------------------------+
; Register name                          ; Reason for Removal                     ;
+----------------------------------------+----------------------------------------+
; RegisterFile:RF|registers[0][0]        ; Stuck at GND due to stuck port data_in ;
; RegisterFile:RF|registers[0][1]        ; Stuck at GND due to stuck port data_in ;
; RegisterFile:RF|registers[0][2]        ; Stuck at GND due to stuck port data_in ;
; RegisterFile:RF|registers[0][3]        ; Stuck at GND due to stuck port data_in ;
; RegisterFile:RF|registers[0][4]        ; Stuck at GND due to stuck port data_in ;
; RegisterFile:RF|registers[0][5]        ; Stuck at GND due to stuck port data_in ;
; RegisterFile:RF|registers[0][6]        ; Stuck at GND due to stuck port data_in ;
; RegisterFile:RF|registers[0][7]        ; Stuck at GND due to stuck port data_in ;
; RegisterFile:RF|registers[0][8]        ; Stuck at GND due to stuck port data_in ;
; RegisterFile:RF|registers[0][9]        ; Stuck at GND due to stuck port data_in ;
; RegisterFile:RF|registers[0][10]       ; Stuck at GND due to stuck port data_in ;
; RegisterFile:RF|registers[0][11]       ; Stuck at GND due to stuck port data_in ;
; RegisterFile:RF|registers[0][12]       ; Stuck at GND due to stuck port data_in ;
; RegisterFile:RF|registers[0][13]       ; Stuck at GND due to stuck port data_in ;
; RegisterFile:RF|registers[0][14]       ; Stuck at GND due to stuck port data_in ;
; RegisterFile:RF|registers[0][15]       ; Stuck at GND due to stuck port data_in ;
; RegisterFile:RF|registers[0][16]       ; Stuck at GND due to stuck port data_in ;
; RegisterFile:RF|registers[0][17]       ; Stuck at GND due to stuck port data_in ;
; RegisterFile:RF|registers[0][18]       ; Stuck at GND due to stuck port data_in ;
; RegisterFile:RF|registers[0][19]       ; Stuck at GND due to stuck port data_in ;
; RegisterFile:RF|registers[0][20]       ; Stuck at GND due to stuck port data_in ;
; RegisterFile:RF|registers[0][21]       ; Stuck at GND due to stuck port data_in ;
; RegisterFile:RF|registers[0][22]       ; Stuck at GND due to stuck port data_in ;
; RegisterFile:RF|registers[0][23]       ; Stuck at GND due to stuck port data_in ;
; RegisterFile:RF|registers[0][24]       ; Stuck at GND due to stuck port data_in ;
; RegisterFile:RF|registers[0][25]       ; Stuck at GND due to stuck port data_in ;
; RegisterFile:RF|registers[0][26]       ; Stuck at GND due to stuck port data_in ;
; RegisterFile:RF|registers[0][27]       ; Stuck at GND due to stuck port data_in ;
; RegisterFile:RF|registers[0][28]       ; Stuck at GND due to stuck port data_in ;
; RegisterFile:RF|registers[0][29]       ; Stuck at GND due to stuck port data_in ;
; RegisterFile:RF|registers[0][30]       ; Stuck at GND due to stuck port data_in ;
; RegisterFile:RF|registers[0][31]       ; Stuck at GND due to stuck port data_in ;
; Total Number of Removed Registers = 32 ;                                        ;
+----------------------------------------+----------------------------------------+


+------------------------------------------------------+
; General Register Statistics                          ;
+----------------------------------------------+-------+
; Statistic                                    ; Value ;
+----------------------------------------------+-------+
; Total registers                              ; 1024  ;
; Number of registers using Synchronous Clear  ; 0     ;
; Number of registers using Synchronous Load   ; 0     ;
; Number of registers using Asynchronous Clear ; 0     ;
; Number of registers using Asynchronous Load  ; 0     ;
; Number of registers using Clock Enable       ; 992   ;
; Number of registers using Preset             ; 0     ;
+----------------------------------------------+-------+


+---------------------------------------------------------------------------------------------------------------------------------------------------------------+
; Multiplexer Restructuring Statistics (Restructuring Performed)                                                                                                ;
+--------------------+-----------+---------------+----------------------+------------------------+------------+-------------------------------------------------+
; Multiplexer Inputs ; Bus Width ; Baseline Area ; Area if Restructured ; Saving if Restructured ; Registered ; Example Multiplexer Output                      ;
+--------------------+-----------+---------------+----------------------+------------------------+------------+-------------------------------------------------+
; 3:1                ; 32 bits   ; 64 LEs        ; 64 LEs               ; 0 LEs                  ; Yes        ; |single_cycle|ProgramCounter:pc|PCout[26]       ;
; 3:1                ; 32 bits   ; 64 LEs        ; 32 LEs               ; 32 LEs                 ; Yes        ; |single_cycle|RegisterFile:RF|registers[16][11] ;
; 3:1                ; 32 bits   ; 64 LEs        ; 32 LEs               ; 32 LEs                 ; Yes        ; |single_cycle|RegisterFile:RF|registers[8][31]  ;
; 3:1                ; 32 bits   ; 64 LEs        ; 32 LEs               ; 32 LEs                 ; Yes        ; |single_cycle|RegisterFile:RF|registers[24][14] ;
; 3:1                ; 32 bits   ; 64 LEs        ; 32 LEs               ; 32 LEs                 ; Yes        ; |single_cycle|RegisterFile:RF|registers[4][5]   ;
; 3:1                ; 32 bits   ; 64 LEs        ; 32 LEs               ; 32 LEs                 ; Yes        ; |single_cycle|RegisterFile:RF|registers[20][10] ;
; 3:1                ; 32 bits   ; 64 LEs        ; 32 LEs               ; 32 LEs                 ; Yes        ; |single_cycle|RegisterFile:RF|registers[12][26] ;
; 3:1                ; 32 bits   ; 64 LEs        ; 32 LEs               ; 32 LEs                 ; Yes        ; |single_cycle|RegisterFile:RF|registers[28][12] ;
; 3:1                ; 32 bits   ; 64 LEs        ; 32 LEs               ; 32 LEs                 ; Yes        ; |single_cycle|RegisterFile:RF|registers[2][20]  ;
; 3:1                ; 32 bits   ; 64 LEs        ; 32 LEs               ; 32 LEs                 ; Yes        ; |single_cycle|RegisterFile:RF|registers[18][21] ;
; 3:1                ; 32 bits   ; 64 LEs        ; 32 LEs               ; 32 LEs                 ; Yes        ; |single_cycle|RegisterFile:RF|registers[10][21] ;
; 3:1                ; 32 bits   ; 64 LEs        ; 32 LEs               ; 32 LEs                 ; Yes        ; |single_cycle|RegisterFile:RF|registers[26][26] ;
; 3:1                ; 32 bits   ; 64 LEs        ; 32 LEs               ; 32 LEs                 ; Yes        ; |single_cycle|RegisterFile:RF|registers[6][13]  ;
; 3:1                ; 32 bits   ; 64 LEs        ; 32 LEs               ; 32 LEs                 ; Yes        ; |single_cycle|RegisterFile:RF|registers[22][13] ;
; 3:1                ; 32 bits   ; 64 LEs        ; 32 LEs               ; 32 LEs                 ; Yes        ; |single_cycle|RegisterFile:RF|registers[14][5]  ;
; 3:1                ; 32 bits   ; 64 LEs        ; 32 LEs               ; 32 LEs                 ; Yes        ; |single_cycle|RegisterFile:RF|registers[30][25] ;
; 3:1                ; 32 bits   ; 64 LEs        ; 32 LEs               ; 32 LEs                 ; Yes        ; |single_cycle|RegisterFile:RF|registers[1][15]  ;
; 3:1                ; 32 bits   ; 64 LEs        ; 32 LEs               ; 32 LEs                 ; Yes        ; |single_cycle|RegisterFile:RF|registers[17][2]  ;
; 3:1                ; 32 bits   ; 64 LEs        ; 32 LEs               ; 32 LEs                 ; Yes        ; |single_cycle|RegisterFile:RF|registers[9][16]  ;
; 3:1                ; 32 bits   ; 64 LEs        ; 32 LEs               ; 32 LEs                 ; Yes        ; |single_cycle|RegisterFile:RF|registers[25][16] ;
; 3:1                ; 32 bits   ; 64 LEs        ; 32 LEs               ; 32 LEs                 ; Yes        ; |single_cycle|RegisterFile:RF|registers[5][2]   ;
; 3:1                ; 32 bits   ; 64 LEs        ; 32 LEs               ; 32 LEs                 ; Yes        ; |single_cycle|RegisterFile:RF|registers[21][20] ;
; 3:1                ; 32 bits   ; 64 LEs        ; 32 LEs               ; 32 LEs                 ; Yes        ; |single_cycle|RegisterFile:RF|registers[13][6]  ;
; 3:1                ; 32 bits   ; 64 LEs        ; 32 LEs               ; 32 LEs                 ; Yes        ; |single_cycle|RegisterFile:RF|registers[29][25] ;
; 3:1                ; 32 bits   ; 64 LEs        ; 32 LEs               ; 32 LEs                 ; Yes        ; |single_cycle|RegisterFile:RF|registers[3][22]  ;
; 3:1                ; 32 bits   ; 64 LEs        ; 32 LEs               ; 32 LEs                 ; Yes        ; |single_cycle|RegisterFile:RF|registers[19][26] ;
; 3:1                ; 32 bits   ; 64 LEs        ; 32 LEs               ; 32 LEs                 ; Yes        ; |single_cycle|RegisterFile:RF|registers[11][11] ;
; 3:1                ; 32 bits   ; 64 LEs        ; 32 LEs               ; 32 LEs                 ; Yes        ; |single_cycle|RegisterFile:RF|registers[27][31] ;
; 3:1                ; 32 bits   ; 64 LEs        ; 32 LEs               ; 32 LEs                 ; Yes        ; |single_cycle|RegisterFile:RF|registers[7][21]  ;
; 3:1                ; 32 bits   ; 64 LEs        ; 32 LEs               ; 32 LEs                 ; Yes        ; |single_cycle|RegisterFile:RF|registers[23][3]  ;
; 3:1                ; 32 bits   ; 64 LEs        ; 32 LEs               ; 32 LEs                 ; Yes        ; |single_cycle|RegisterFile:RF|registers[15][6]  ;
; 3:1                ; 32 bits   ; 64 LEs        ; 32 LEs               ; 32 LEs                 ; Yes        ; |single_cycle|RegisterFile:RF|registers[31][9]  ;
; 4:1                ; 6 bits    ; 12 LEs        ; 12 LEs               ; 0 LEs                  ; No         ; |single_cycle|mux4x1:PCMux_|out[28]             ;
; 4:1                ; 26 bits   ; 52 LEs        ; 52 LEs               ; 0 LEs                  ; No         ; |single_cycle|mux4x1:PCMux_|out[13]             ;
; 3:1                ; 32 bits   ; 64 LEs        ; 64 LEs               ; 0 LEs                  ; No         ; |single_cycle|mux2X1:WBMux2_|out[26]            ;
; 3:1                ; 5 bits    ; 10 LEs        ; 10 LEs               ; 0 LEs                  ; No         ; |single_cycle|mux2X1:RFMux_|out[1]              ;
; 4:1                ; 2 bits    ; 4 LEs         ; 4 LEs                ; 0 LEs                  ; No         ; |single_cycle|PCsrc[0]                          ;
; 32:1               ; 32 bits   ; 672 LEs       ; 640 LEs              ; 32 LEs                 ; No         ; |single_cycle|RegisterFile:RF|Mux21             ;
; 32:1               ; 32 bits   ; 672 LEs       ; 640 LEs              ; 32 LEs                 ; No         ; |single_cycle|RegisterFile:RF|Mux53             ;
; 64:1               ; 6 bits    ; 252 LEs       ; 84 LEs               ; 168 LEs                ; No         ; |single_cycle|ControlUnit:CU|Selector5          ;
; 21:1               ; 8 bits    ; 112 LEs       ; 48 LEs               ; 64 LEs                 ; No         ; |single_cycle|ALU:Alu|Mux8                      ;
; 21:1               ; 8 bits    ; 112 LEs       ; 48 LEs               ; 64 LEs                 ; No         ; |single_cycle|ALU:Alu|Mux16                     ;
; 22:1               ; 4 bits    ; 56 LEs        ; 28 LEs               ; 28 LEs                 ; No         ; |single_cycle|ALU:Alu|Mux7                      ;
; 22:1               ; 4 bits    ; 56 LEs        ; 28 LEs               ; 28 LEs                 ; No         ; |single_cycle|ALU:Alu|Mux27                     ;
; 23:1               ; 2 bits    ; 30 LEs        ; 16 LEs               ; 14 LEs                 ; No         ; |single_cycle|ALU:Alu|Mux3                      ;
; 23:1               ; 2 bits    ; 30 LEs        ; 16 LEs               ; 14 LEs                 ; No         ; |single_cycle|ALU:Alu|Mux28                     ;
; 24:1               ; 2 bits    ; 32 LEs        ; 16 LEs               ; 16 LEs                 ; No         ; |single_cycle|ALU:Alu|Mux1                      ;
+--------------------+-----------+---------------+----------------------+------------------------+------------+-------------------------------------------------+


+--------------------------------------------------------------------------------------------------+
; Source assignments for InstMem:IM|altsyncram:altsyncram_component|altsyncram_gdb1:auto_generated ;
+---------------------------------+--------------------+------+------------------------------------+
; Assignment                      ; Value              ; From ; To                                 ;
+---------------------------------+--------------------+------+------------------------------------+
; OPTIMIZE_POWER_DURING_SYNTHESIS ; NORMAL_COMPILATION ; -    ; -                                  ;
+---------------------------------+--------------------+------+------------------------------------+


+---------------------------------------------------------------------------------------------------+
; Source assignments for DataMem:DM_|altsyncram:altsyncram_component|altsyncram_mfk1:auto_generated ;
+---------------------------------+--------------------+------+-------------------------------------+
; Assignment                      ; Value              ; From ; To                                  ;
+---------------------------------+--------------------+------+-------------------------------------+
; OPTIMIZE_POWER_DURING_SYNTHESIS ; NORMAL_COMPILATION ; -    ; -                                   ;
+---------------------------------+--------------------+------+-------------------------------------+


+------------------------------------------------------------+
; Parameter Settings for User Entity Instance: Adder:PCAdder ;
+----------------+-------+-----------------------------------+
; Parameter Name ; Value ; Type                              ;
+----------------+-------+-----------------------------------+
; size           ; 32    ; Signed Integer                    ;
+----------------+-------+-----------------------------------+
Note: In order to hide this table in the UI and the text report file, please set the "Show Parameter Settings in Synthesis Report" option in "Analysis and Synthesis Settings -> More Settings" to "Off".


+-----------------------------------------------------------------------------------------+
; Parameter Settings for User Entity Instance: InstMem:IM|altsyncram:altsyncram_component ;
+------------------------------------+----------------------+-----------------------------+
; Parameter Name                     ; Value                ; Type                        ;
+------------------------------------+----------------------+-----------------------------+
; BYTE_SIZE_BLOCK                    ; 8                    ; Untyped                     ;
; AUTO_CARRY_CHAINS                  ; ON                   ; AUTO_CARRY                  ;
; IGNORE_CARRY_BUFFERS               ; OFF                  ; IGNORE_CARRY                ;
; AUTO_CASCADE_CHAINS                ; ON                   ; AUTO_CASCADE                ;
; IGNORE_CASCADE_BUFFERS             ; OFF                  ; IGNORE_CASCADE              ;
; WIDTH_BYTEENA                      ; 1                    ; Untyped                     ;
; OPERATION_MODE                     ; ROM                  ; Untyped                     ;
; WIDTH_A                            ; 32                   ; Signed Integer              ;
; WIDTHAD_A                          ; 12                   ; Signed Integer              ;
; NUMWORDS_A                         ; 4096                 ; Signed Integer              ;
; OUTDATA_REG_A                      ; UNREGISTERED         ; Untyped                     ;
; ADDRESS_ACLR_A                     ; NONE                 ; Untyped                     ;
; OUTDATA_ACLR_A                     ; NONE                 ; Untyped                     ;
; WRCONTROL_ACLR_A                   ; NONE                 ; Untyped                     ;
; INDATA_ACLR_A                      ; NONE                 ; Untyped                     ;
; BYTEENA_ACLR_A                     ; NONE                 ; Untyped                     ;
; WIDTH_B                            ; 1                    ; Untyped                     ;
; WIDTHAD_B                          ; 1                    ; Untyped                     ;
; NUMWORDS_B                         ; 1                    ; Untyped                     ;
; INDATA_REG_B                       ; CLOCK1               ; Untyped                     ;
; WRCONTROL_WRADDRESS_REG_B          ; CLOCK1               ; Untyped                     ;
; RDCONTROL_REG_B                    ; CLOCK1               ; Untyped                     ;
; ADDRESS_REG_B                      ; CLOCK1               ; Untyped                     ;
; OUTDATA_REG_B                      ; UNREGISTERED         ; Untyped                     ;
; BYTEENA_REG_B                      ; CLOCK1               ; Untyped                     ;
; INDATA_ACLR_B                      ; NONE                 ; Untyped                     ;
; WRCONTROL_ACLR_B                   ; NONE                 ; Untyped                     ;
; ADDRESS_ACLR_B                     ; NONE                 ; Untyped                     ;
; OUTDATA_ACLR_B                     ; NONE                 ; Untyped                     ;
; RDCONTROL_ACLR_B                   ; NONE                 ; Untyped                     ;
; BYTEENA_ACLR_B                     ; NONE                 ; Untyped                     ;
; WIDTH_BYTEENA_A                    ; 1                    ; Signed Integer              ;
; WIDTH_BYTEENA_B                    ; 1                    ; Untyped                     ;
; RAM_BLOCK_TYPE                     ; M9K                  ; Untyped                     ;
; BYTE_SIZE                          ; 8                    ; Untyped                     ;
; READ_DURING_WRITE_MODE_MIXED_PORTS ; DONT_CARE            ; Untyped                     ;
; READ_DURING_WRITE_MODE_PORT_A      ; NEW_DATA_NO_NBE_READ ; Untyped                     ;
; READ_DURING_WRITE_MODE_PORT_B      ; NEW_DATA_NO_NBE_READ ; Untyped                     ;
; INIT_FILE                          ; InstMIF.mif          ; Untyped                     ;
; INIT_FILE_LAYOUT                   ; PORT_A               ; Untyped                     ;
; MAXIMUM_DEPTH                      ; 0                    ; Untyped                     ;
; CLOCK_ENABLE_INPUT_A               ; BYPASS               ; Untyped                     ;
; CLOCK_ENABLE_INPUT_B               ; NORMAL               ; Untyped                     ;
; CLOCK_ENABLE_OUTPUT_A              ; BYPASS               ; Untyped                     ;
; CLOCK_ENABLE_OUTPUT_B              ; NORMAL               ; Untyped                     ;
; CLOCK_ENABLE_CORE_A                ; USE_INPUT_CLKEN      ; Untyped                     ;
; CLOCK_ENABLE_CORE_B                ; USE_INPUT_CLKEN      ; Untyped                     ;
; ENABLE_ECC                         ; FALSE                ; Untyped                     ;
; ECC_PIPELINE_STAGE_ENABLED         ; FALSE                ; Untyped                     ;
; WIDTH_ECCSTATUS                    ; 3                    ; Untyped                     ;
; DEVICE_FAMILY                      ; MAX 10               ; Untyped                     ;
; CBXI_PARAMETER                     ; altsyncram_gdb1      ; Untyped                     ;
+------------------------------------+----------------------+-----------------------------+
Note: In order to hide this table in the UI and the text report file, please set the "Show Parameter Settings in Synthesis Report" option in "Analysis and Synthesis Settings -> More Settings" to "Off".


+-------------------------------------------------------------+
; Parameter Settings for User Entity Instance: ControlUnit:CU ;
+----------------+--------+-----------------------------------+
; Parameter Name ; Value  ; Type                              ;
+----------------+--------+-----------------------------------+
; _RType         ; 000000 ; Unsigned Binary                   ;
; _addi          ; 001000 ; Unsigned Binary                   ;
; _ori           ; 001101 ; Unsigned Binary                   ;
; _xori          ; 001110 ; Unsigned Binary                   ;
; _andi          ; 001100 ; Unsigned Binary                   ;
; _slti          ; 001010 ; Unsigned Binary                   ;
; _lw            ; 100011 ; Unsigned Binary                   ;
; _sw            ; 101011 ; Unsigned Binary                   ;
; _beq           ; 000100 ; Unsigned Binary                   ;
; _bnq           ; 000101 ; Unsigned Binary                   ;
; _j             ; 000010 ; Unsigned Binary                   ;
; _jr            ; 001000 ; Unsigned Binary                   ;
; _jal           ; 000011 ; Unsigned Binary                   ;
; _add_          ; 100000 ; Unsigned Binary                   ;
; _sub_          ; 100010 ; Unsigned Binary                   ;
; _and_          ; 100100 ; Unsigned Binary                   ;
; _or_           ; 100101 ; Unsigned Binary                   ;
; _slt_          ; 101010 ; Unsigned Binary                   ;
; _sgt_          ; 101001 ; Unsigned Binary                   ;
; _xor_          ; 100110 ; Unsigned Binary                   ;
; _nor_          ; 100111 ; Unsigned Binary                   ;
; _sll_          ; 000000 ; Unsigned Binary                   ;
; _srl_          ; 000010 ; Unsigned Binary                   ;
+----------------+--------+-----------------------------------+
Note: In order to hide this table in the UI and the text report file, please set the "Show Parameter Settings in Synthesis Report" option in "Analysis and Synthesis Settings -> More Settings" to "Off".


+--------------------------------------------------------------+
; Parameter Settings for User Entity Instance: mux2X1:RFInter_ ;
+----------------+-------+-------------------------------------+
; Parameter Name ; Value ; Type                                ;
+----------------+-------+-------------------------------------+
; size           ; 5     ; Signed Integer                      ;
+----------------+-------+-------------------------------------+
Note: In order to hide this table in the UI and the text report file, please set the "Show Parameter Settings in Synthesis Report" option in "Analysis and Synthesis Settings -> More Settings" to "Off".


+------------------------------------------------------------+
; Parameter Settings for User Entity Instance: mux2X1:RFMux_ ;
+----------------+-------+-----------------------------------+
; Parameter Name ; Value ; Type                              ;
+----------------+-------+-----------------------------------+
; size           ; 5     ; Signed Integer                    ;
+----------------+-------+-----------------------------------+
Note: In order to hide this table in the UI and the text report file, please set the "Show Parameter Settings in Synthesis Report" option in "Analysis and Synthesis Settings -> More Settings" to "Off".


+--------------------------------------------------------------+
; Parameter Settings for User Entity Instance: mux2X1:ALUMux1_ ;
+----------------+-------+-------------------------------------+
; Parameter Name ; Value ; Type                                ;
+----------------+-------+-------------------------------------+
; size           ; 32    ; Signed Integer                      ;
+----------------+-------+-------------------------------------+
Note: In order to hide this table in the UI and the text report file, please set the "Show Parameter Settings in Synthesis Report" option in "Analysis and Synthesis Settings -> More Settings" to "Off".


+--------------------------------------------------------------+
; Parameter Settings for User Entity Instance: mux2X1:ALUMux2_ ;
+----------------+-------+-------------------------------------+
; Parameter Name ; Value ; Type                                ;
+----------------+-------+-------------------------------------+
; size           ; 32    ; Signed Integer                      ;
+----------------+-------+-------------------------------------+
Note: In order to hide this table in the UI and the text report file, please set the "Show Parameter Settings in Synthesis Report" option in "Analysis and Synthesis Settings -> More Settings" to "Off".


+------------------------------------------------------+
; Parameter Settings for User Entity Instance: ALU:Alu ;
+----------------+-------+-----------------------------+
; Parameter Name ; Value ; Type                        ;
+----------------+-------+-----------------------------+
; data_width     ; 32    ; Signed Integer              ;
; sel_width      ; 4     ; Signed Integer              ;
; _ADD           ; 0000  ; Unsigned Binary             ;
; _SUB           ; 0001  ; Unsigned Binary             ;
; _AND           ; 0010  ; Unsigned Binary             ;
; _OR            ; 0011  ; Unsigned Binary             ;
; _SLT           ; 0100  ; Unsigned Binary             ;
; _XOR           ; 0101  ; Unsigned Binary             ;
; _NOR           ; 0110  ; Unsigned Binary             ;
; _SLL           ; 0111  ; Unsigned Binary             ;
; _SRL           ; 1000  ; Unsigned Binary             ;
; _SGT           ; 1001  ; Unsigned Binary             ;
+----------------+-------+-----------------------------+
Note: In order to hide this table in the UI and the text report file, please set the "Show Parameter Settings in Synthesis Report" option in "Analysis and Synthesis Settings -> More Settings" to "Off".


+-----------------------------------------------------------------+
; Parameter Settings for User Entity Instance: Adder:branchAdder_ ;
+----------------+-------+----------------------------------------+
; Parameter Name ; Value ; Type                                   ;
+----------------+-------+----------------------------------------+
; size           ; 32    ; Signed Integer                         ;
+----------------+-------+----------------------------------------+
Note: In order to hide this table in the UI and the text report file, please set the "Show Parameter Settings in Synthesis Report" option in "Analysis and Synthesis Settings -> More Settings" to "Off".


+------------------------------------------------------------------------------------------+
; Parameter Settings for User Entity Instance: DataMem:DM_|altsyncram:altsyncram_component ;
+------------------------------------+------------------------+----------------------------+
; Parameter Name                     ; Value                  ; Type                       ;
+------------------------------------+------------------------+----------------------------+
; BYTE_SIZE_BLOCK                    ; 8                      ; Untyped                    ;
; AUTO_CARRY_CHAINS                  ; ON                     ; AUTO_CARRY                 ;
; IGNORE_CARRY_BUFFERS               ; OFF                    ; IGNORE_CARRY               ;
; AUTO_CASCADE_CHAINS                ; ON                     ; AUTO_CASCADE               ;
; IGNORE_CASCADE_BUFFERS             ; OFF                    ; IGNORE_CASCADE             ;
; WIDTH_BYTEENA                      ; 1                      ; Untyped                    ;
; OPERATION_MODE                     ; SINGLE_PORT            ; Untyped                    ;
; WIDTH_A                            ; 32                     ; Signed Integer             ;
; WIDTHAD_A                          ; 10                     ; Signed Integer             ;
; NUMWORDS_A                         ; 1024                   ; Signed Integer             ;
; OUTDATA_REG_A                      ; UNREGISTERED           ; Untyped                    ;
; ADDRESS_ACLR_A                     ; NONE                   ; Untyped                    ;
; OUTDATA_ACLR_A                     ; NONE                   ; Untyped                    ;
; WRCONTROL_ACLR_A                   ; NONE                   ; Untyped                    ;
; INDATA_ACLR_A                      ; NONE                   ; Untyped                    ;
; BYTEENA_ACLR_A                     ; NONE                   ; Untyped                    ;
; WIDTH_B                            ; 1                      ; Untyped                    ;
; WIDTHAD_B                          ; 1                      ; Untyped                    ;
; NUMWORDS_B                         ; 1                      ; Untyped                    ;
; INDATA_REG_B                       ; CLOCK1                 ; Untyped                    ;
; WRCONTROL_WRADDRESS_REG_B          ; CLOCK1                 ; Untyped                    ;
; RDCONTROL_REG_B                    ; CLOCK1                 ; Untyped                    ;
; ADDRESS_REG_B                      ; CLOCK1                 ; Untyped                    ;
; OUTDATA_REG_B                      ; UNREGISTERED           ; Untyped                    ;
; BYTEENA_REG_B                      ; CLOCK1                 ; Untyped                    ;
; INDATA_ACLR_B                      ; NONE                   ; Untyped                    ;
; WRCONTROL_ACLR_B                   ; NONE                   ; Untyped                    ;
; ADDRESS_ACLR_B                     ; NONE                   ; Untyped                    ;
; OUTDATA_ACLR_B                     ; NONE                   ; Untyped                    ;
; RDCONTROL_ACLR_B                   ; NONE                   ; Untyped                    ;
; BYTEENA_ACLR_B                     ; NONE                   ; Untyped                    ;
; WIDTH_BYTEENA_A                    ; 1                      ; Signed Integer             ;
; WIDTH_BYTEENA_B                    ; 1                      ; Untyped                    ;
; RAM_BLOCK_TYPE                     ; M9K                    ; Untyped                    ;
; BYTE_SIZE                          ; 8                      ; Untyped                    ;
; READ_DURING_WRITE_MODE_MIXED_PORTS ; DONT_CARE              ; Untyped                    ;
; READ_DURING_WRITE_MODE_PORT_A      ; NEW_DATA_WITH_NBE_READ ; Untyped                    ;
; READ_DURING_WRITE_MODE_PORT_B      ; NEW_DATA_NO_NBE_READ   ; Untyped                    ;
; INIT_FILE                          ; DataMIF.mif            ; Untyped                    ;
; INIT_FILE_LAYOUT                   ; PORT_A                 ; Untyped                    ;
; MAXIMUM_DEPTH                      ; 0                      ; Untyped                    ;
; CLOCK_ENABLE_INPUT_A               ; BYPASS                 ; Untyped                    ;
; CLOCK_ENABLE_INPUT_B               ; NORMAL                 ; Untyped                    ;
; CLOCK_ENABLE_OUTPUT_A              ; BYPASS                 ; Untyped                    ;
; CLOCK_ENABLE_OUTPUT_B              ; NORMAL                 ; Untyped                    ;
; CLOCK_ENABLE_CORE_A                ; USE_INPUT_CLKEN        ; Untyped                    ;
; CLOCK_ENABLE_CORE_B                ; USE_INPUT_CLKEN        ; Untyped                    ;
; ENABLE_ECC                         ; FALSE                  ; Untyped                    ;
; ECC_PIPELINE_STAGE_ENABLED         ; FALSE                  ; Untyped                    ;
; WIDTH_ECCSTATUS                    ; 3                      ; Untyped                    ;
; DEVICE_FAMILY                      ; MAX 10                 ; Untyped                    ;
; CBXI_PARAMETER                     ; altsyncram_mfk1        ; Untyped                    ;
+------------------------------------+------------------------+----------------------------+
Note: In order to hide this table in the UI and the text report file, please set the "Show Parameter Settings in Synthesis Report" option in "Analysis and Synthesis Settings -> More Settings" to "Off".


+-------------------------------------------------------------+
; Parameter Settings for User Entity Instance: mux2X1:WBMux1_ ;
+----------------+-------+------------------------------------+
; Parameter Name ; Value ; Type                               ;
+----------------+-------+------------------------------------+
; size           ; 32    ; Signed Integer                     ;
+----------------+-------+------------------------------------+
Note: In order to hide this table in the UI and the text report file, please set the "Show Parameter Settings in Synthesis Report" option in "Analysis and Synthesis Settings -> More Settings" to "Off".


+-------------------------------------------------------------+
; Parameter Settings for User Entity Instance: mux2X1:WBMux2_ ;
+----------------+-------+------------------------------------+
; Parameter Name ; Value ; Type                               ;
+----------------+-------+------------------------------------+
; size           ; 32    ; Signed Integer                     ;
+----------------+-------+------------------------------------+
Note: In order to hide this table in the UI and the text report file, please set the "Show Parameter Settings in Synthesis Report" option in "Analysis and Synthesis Settings -> More Settings" to "Off".


+------------------------------------------------------------+
; Parameter Settings for User Entity Instance: mux4x1:PCMux_ ;
+----------------+-------+-----------------------------------+
; Parameter Name ; Value ; Type                              ;
+----------------+-------+-----------------------------------+
; size           ; 32    ; Signed Integer                    ;
+----------------+-------+-----------------------------------+
Note: In order to hide this table in the UI and the text report file, please set the "Show Parameter Settings in Synthesis Report" option in "Analysis and Synthesis Settings -> More Settings" to "Off".


+-----------------------------------------------------------------------------------------+
; altsyncram Parameter Settings by Entity Instance                                        ;
+-------------------------------------------+---------------------------------------------+
; Name                                      ; Value                                       ;
+-------------------------------------------+---------------------------------------------+
; Number of entity instances                ; 2                                           ;
; Entity Instance                           ; InstMem:IM|altsyncram:altsyncram_component  ;
;     -- OPERATION_MODE                     ; ROM                                         ;
;     -- WIDTH_A                            ; 32                                          ;
;     -- NUMWORDS_A                         ; 4096                                        ;
;     -- OUTDATA_REG_A                      ; UNREGISTERED                                ;
;     -- WIDTH_B                            ; 1                                           ;
;     -- NUMWORDS_B                         ; 1                                           ;
;     -- ADDRESS_REG_B                      ; CLOCK1                                      ;
;     -- OUTDATA_REG_B                      ; UNREGISTERED                                ;
;     -- RAM_BLOCK_TYPE                     ; M9K                                         ;
;     -- READ_DURING_WRITE_MODE_MIXED_PORTS ; DONT_CARE                                   ;
; Entity Instance                           ; DataMem:DM_|altsyncram:altsyncram_component ;
;     -- OPERATION_MODE                     ; SINGLE_PORT                                 ;
;     -- WIDTH_A                            ; 32                                          ;
;     -- NUMWORDS_A                         ; 1024                                        ;
;     -- OUTDATA_REG_A                      ; UNREGISTERED                                ;
;     -- WIDTH_B                            ; 1                                           ;
;     -- NUMWORDS_B                         ; 1                                           ;
;     -- ADDRESS_REG_B                      ; CLOCK1                                      ;
;     -- OUTDATA_REG_B                      ; UNREGISTERED                                ;
;     -- RAM_BLOCK_TYPE                     ; M9K                                         ;
;     -- READ_DURING_WRITE_MODE_MIXED_PORTS ; DONT_CARE                                   ;
+-------------------------------------------+---------------------------------------------+


+-----------------------------------------------+
; Port Connectivity Checks: "mux4x1:PCMux_"     ;
+-------------+-------+----------+--------------+
; Port        ; Type  ; Severity ; Details      ;
+-------------+-------+----------+--------------+
; in3[31..26] ; Input ; Info     ; Stuck at GND ;
+-------------+-------+----------+--------------+


+----------------------------------------------+
; Port Connectivity Checks: "mux2X1:ALUMux1_"  ;
+------------+-------+----------+--------------+
; Port       ; Type  ; Severity ; Details      ;
+------------+-------+----------+--------------+
; in2[31..5] ; Input ; Info     ; Stuck at GND ;
+------------+-------+----------+--------------+


+-------------------------------------------+
; Port Connectivity Checks: "mux2X1:RFMux_" ;
+------+-------+----------+-----------------+
; Port ; Type  ; Severity ; Details         ;
+------+-------+----------+-----------------+
; in2  ; Input ; Info     ; Stuck at VCC    ;
+------+-------+----------+-----------------+


+------------------------------------------------------------------------------------------------------------------------------------------------------------------------------------------------------------------+
; Port Connectivity Checks: "InstMem:IM"                                                                                                                                                                           ;
+---------+-------+----------+-------------------------------------------------------------------------------------------------------------------------------------------------------------------------------------+
; Port    ; Type  ; Severity ; Details                                                                                                                                                                             ;
+---------+-------+----------+-------------------------------------------------------------------------------------------------------------------------------------------------------------------------------------+
; address ; Input ; Warning  ; Input port expression (32 bits) is wider than the input port (12 bits) it drives.  The 20 most-significant bit(s) in the expression will be dangling if they have no other fanouts. ;
+---------+-------+----------+-------------------------------------------------------------------------------------------------------------------------------------------------------------------------------------+


+----------------------------------------------+
; Port Connectivity Checks: "Adder:PCAdder"    ;
+------------+-------+----------+--------------+
; Port       ; Type  ; Severity ; Details      ;
+------------+-------+----------+--------------+
; in2[31..1] ; Input ; Info     ; Stuck at GND ;
; in2[0]     ; Input ; Info     ; Stuck at VCC ;
+------------+-------+----------+--------------+


+-----------------------------------------------+
; Port Connectivity Checks: "ProgramCounter:pc" ;
+------+-------+----------+---------------------+
; Port ; Type  ; Severity ; Details             ;
+------+-------+----------+---------------------+
; PCEn ; Input ; Info     ; Stuck at VCC        ;
+------+-------+----------+---------------------+


+-----------------------------------------------------+
; Post-Synthesis Netlist Statistics for Top Partition ;
+-----------------------+-----------------------------+
; Type                  ; Count                       ;
+-----------------------+-----------------------------+
; boundary_port         ; 34                          ;
; cycloneiii_ff         ; 1024                        ;
;     ENA               ; 992                         ;
;     plain             ; 32                          ;
; cycloneiii_lcell_comb ; 2369                        ;
;     arith             ; 156                         ;
;         2 data inputs ; 31                          ;
;         3 data inputs ; 125                         ;
;     normal            ; 2213                        ;
;         1 data inputs ; 1                           ;
;         2 data inputs ; 46                          ;
;         3 data inputs ; 238                         ;
;         4 data inputs ; 1928                        ;
; cycloneiii_ram_block  ; 64                          ;
;                       ;                             ;
; Max LUT depth         ; 28.00                       ;
; Average LUT depth     ; 24.49                       ;
+-----------------------+-----------------------------+


+-------------------------------+
; Elapsed Time Per Partition    ;
+----------------+--------------+
; Partition Name ; Elapsed Time ;
+----------------+--------------+
; Top            ; 00:00:11     ;
+----------------+--------------+


+-------------------------------+
; Analysis & Synthesis Messages ;
+-------------------------------+
Info: *******************************************************************
Info: Running Quartus Prime Analysis & Synthesis
    Info: Version 20.1.1 Build 720 11/11/2020 SJ Lite Edition
    Info: Processing started: Mon Nov 25 10:54:57 2024
Info: Command: quartus_map --read_settings_files=on --write_settings_files=off single_cycle -c single_cycle
Warning (18236): Number of processors has not been specified which may cause overloading on shared machines.  Set the global assignment NUM_PARALLEL_PROCESSORS in your QSF to an appropriate value for best performance.
Info (20030): Parallel compilation is enabled and will use 16 of the 16 processors detected
Info (12021): Found 1 design units, including 1 entities, in source file adder.v
    Info (12023): Found entity 1: Adder File: C:/Users/shara/Desktop/JoSCD/Development Phase/Single_Cycle_Code/Adder.v Line: 1
Info (12021): Found 1 design units, including 1 entities, in source file programcounter.v
    Info (12023): Found entity 1: ProgramCounter File: C:/Users/shara/Desktop/JoSCD/Development Phase/Single_Cycle_Code/ProgramCounter.v Line: 1
Info (12021): Found 1 design units, including 1 entities, in source file single_cycle.v
    Info (12023): Found entity 1: single_cycle File: C:/Users/shara/Desktop/JoSCD/Development Phase/Single_Cycle_Code/single_cycle.v Line: 1
Info (12021): Found 1 design units, including 1 entities, in source file instmem.v
    Info (12023): Found entity 1: InstMem File: C:/Users/shara/Desktop/JoSCD/Development Phase/Single_Cycle_Code/InstMem.v Line: 40
Info (12021): Found 1 design units, including 1 entities, in source file controlunit.v
    Info (12023): Found entity 1: ControlUnit File: C:/Users/shara/Desktop/JoSCD/Development Phase/Single_Cycle_Code/ControlUnit.v Line: 1
Info (12021): Found 1 design units, including 1 entities, in source file mux2x1.v
    Info (12023): Found entity 1: mux2X1 File: C:/Users/shara/Desktop/JoSCD/Development Phase/Single_Cycle_Code/mux2X1.v Line: 1
Info (12021): Found 1 design units, including 1 entities, in source file registerfile.v
    Info (12023): Found entity 1: RegisterFile File: C:/Users/shara/Desktop/JoSCD/Development Phase/Single_Cycle_Code/RegisterFile.v Line: 1
Info (12021): Found 1 design units, including 1 entities, in source file signextender.v
    Info (12023): Found entity 1: SignExtender File: C:/Users/shara/Desktop/JoSCD/Development Phase/Single_Cycle_Code/SignExtender.v Line: 1
Info (12021): Found 1 design units, including 1 entities, in source file mux4x1.v
    Info (12023): Found entity 1: mux4x1 File: C:/Users/shara/Desktop/JoSCD/Development Phase/Single_Cycle_Code/mux4x1.v Line: 1
Info (12021): Found 1 design units, including 1 entities, in source file alu.v
    Info (12023): Found entity 1: ALU File: C:/Users/shara/Desktop/JoSCD/Development Phase/Single_Cycle_Code/ALU.v Line: 1
Info (12021): Found 1 design units, including 1 entities, in source file datamem.v
    Info (12023): Found entity 1: DataMem File: C:/Users/shara/Desktop/JoSCD/Development Phase/Single_Cycle_Code/DataMem.v Line: 40
Info (12021): Found 1 design units, including 1 entities, in source file single_cycle_tb1.v
    Info (12023): Found entity 1: single_cycle_tb1 File: C:/Users/shara/Desktop/JoSCD/Development Phase/Single_Cycle_Code/single_cycle_tb1.v Line: 3
Info (12021): Found 1 design units, including 1 entities, in source file alu_tb.v
    Info (12023): Found entity 1: ALU_tb File: C:/Users/shara/Desktop/JoSCD/Development Phase/Single_Cycle_Code/ALU_tb.v Line: 3
Warning (10229): Verilog HDL Expression warning at CU_tb.v(73): truncated literal to match 6 bits File: C:/Users/shara/Desktop/JoSCD/Development Phase/Single_Cycle_Code/CU_tb.v Line: 73
Info (12021): Found 1 design units, including 1 entities, in source file cu_tb.v
    Info (12023): Found entity 1: CU_tb File: C:/Users/shara/Desktop/JoSCD/Development Phase/Single_Cycle_Code/CU_tb.v Line: 3
Info (12127): Elaborating entity "single_cycle" for the top level hierarchy
Info (12128): Elaborating entity "ProgramCounter" for hierarchy "ProgramCounter:pc" File: C:/Users/shara/Desktop/JoSCD/Development Phase/Single_Cycle_Code/single_cycle.v Line: 51
Info (12128): Elaborating entity "Adder" for hierarchy "Adder:PCAdder" File: C:/Users/shara/Desktop/JoSCD/Development Phase/Single_Cycle_Code/single_cycle.v Line: 58
Info (12128): Elaborating entity "InstMem" for hierarchy "InstMem:IM" File: C:/Users/shara/Desktop/JoSCD/Development Phase/Single_Cycle_Code/single_cycle.v Line: 64
Info (12128): Elaborating entity "altsyncram" for hierarchy "InstMem:IM|altsyncram:altsyncram_component" File: C:/Users/shara/Desktop/JoSCD/Development Phase/Single_Cycle_Code/InstMem.v Line: 82
Info (12130): Elaborated megafunction instantiation "InstMem:IM|altsyncram:altsyncram_component" File: C:/Users/shara/Desktop/JoSCD/Development Phase/Single_Cycle_Code/InstMem.v Line: 82
Info (12133): Instantiated megafunction "InstMem:IM|altsyncram:altsyncram_component" with the following parameter: File: C:/Users/shara/Desktop/JoSCD/Development Phase/Single_Cycle_Code/InstMem.v Line: 82
    Info (12134): Parameter "address_aclr_a" = "NONE"
    Info (12134): Parameter "clock_enable_input_a" = "BYPASS"
    Info (12134): Parameter "clock_enable_output_a" = "BYPASS"
    Info (12134): Parameter "init_file" = "InstMIF.mif"
    Info (12134): Parameter "intended_device_family" = "MAX 10"
    Info (12134): Parameter "lpm_hint" = "ENABLE_RUNTIME_MOD=NO"
    Info (12134): Parameter "lpm_type" = "altsyncram"
    Info (12134): Parameter "numwords_a" = "4096"
    Info (12134): Parameter "operation_mode" = "ROM"
    Info (12134): Parameter "outdata_aclr_a" = "NONE"
    Info (12134): Parameter "outdata_reg_a" = "UNREGISTERED"
    Info (12134): Parameter "ram_block_type" = "M9K"
    Info (12134): Parameter "widthad_a" = "12"
    Info (12134): Parameter "width_a" = "32"
    Info (12134): Parameter "width_byteena_a" = "1"
Info (12021): Found 1 design units, including 1 entities, in source file db/altsyncram_gdb1.tdf
    Info (12023): Found entity 1: altsyncram_gdb1 File: C:/Users/shara/Desktop/JoSCD/Development Phase/Single_Cycle_Code/db/altsyncram_gdb1.tdf Line: 28
Info (12128): Elaborating entity "altsyncram_gdb1" for hierarchy "InstMem:IM|altsyncram:altsyncram_component|altsyncram_gdb1:auto_generated" File: c:/intelfpga_lite/20.1/quartus/libraries/megafunctions/altsyncram.tdf Line: 792
Critical Warning (127005): Memory depth (4096) in the design file differs from memory depth (2048) in the Memory Initialization File "C:/Users/shara/Desktop/JoSCD/Development Phase/Single_Cycle_Code/InstMIF.mif" -- setting initial value for remaining addresses to 0 File: C:/Users/shara/Desktop/JoSCD/Development Phase/Single_Cycle_Code/InstMem.v Line: 82
Info (12128): Elaborating entity "ControlUnit" for hierarchy "ControlUnit:CU" File: C:/Users/shara/Desktop/JoSCD/Development Phase/Single_Cycle_Code/single_cycle.v Line: 83
Info (12128): Elaborating entity "mux2X1" for hierarchy "mux2X1:RFInter_" File: C:/Users/shara/Desktop/JoSCD/Development Phase/Single_Cycle_Code/single_cycle.v Line: 91
Info (12128): Elaborating entity "RegisterFile" for hierarchy "RegisterFile:RF" File: C:/Users/shara/Desktop/JoSCD/Development Phase/Single_Cycle_Code/single_cycle.v Line: 113
Info (12128): Elaborating entity "SignExtender" for hierarchy "SignExtender:SignExtend_" File: C:/Users/shara/Desktop/JoSCD/Development Phase/Single_Cycle_Code/single_cycle.v Line: 118
Info (12128): Elaborating entity "mux2X1" for hierarchy "mux2X1:ALUMux1_" File: C:/Users/shara/Desktop/JoSCD/Development Phase/Single_Cycle_Code/single_cycle.v Line: 126
Info (12128): Elaborating entity "ALU" for hierarchy "ALU:Alu" File: C:/Users/shara/Desktop/JoSCD/Development Phase/Single_Cycle_Code/single_cycle.v Line: 141
Warning (10764): Verilog HDL warning at ALU.v(31): converting signed shift amount to unsigned File: C:/Users/shara/Desktop/JoSCD/Development Phase/Single_Cycle_Code/ALU.v Line: 31
Warning (10764): Verilog HDL warning at ALU.v(32): converting signed shift amount to unsigned File: C:/Users/shara/Desktop/JoSCD/Development Phase/Single_Cycle_Code/ALU.v Line: 32
Info (12128): Elaborating entity "DataMem" for hierarchy "DataMem:DM_" File: C:/Users/shara/Desktop/JoSCD/Development Phase/Single_Cycle_Code/single_cycle.v Line: 179
Info (12128): Elaborating entity "altsyncram" for hierarchy "DataMem:DM_|altsyncram:altsyncram_component" File: C:/Users/shara/Desktop/JoSCD/Development Phase/Single_Cycle_Code/DataMem.v Line: 89
Info (12130): Elaborated megafunction instantiation "DataMem:DM_|altsyncram:altsyncram_component" File: C:/Users/shara/Desktop/JoSCD/Development Phase/Single_Cycle_Code/DataMem.v Line: 89
Info (12133): Instantiated megafunction "DataMem:DM_|altsyncram:altsyncram_component" with the following parameter: File: C:/Users/shara/Desktop/JoSCD/Development Phase/Single_Cycle_Code/DataMem.v Line: 89
    Info (12134): Parameter "clock_enable_input_a" = "BYPASS"
    Info (12134): Parameter "clock_enable_output_a" = "BYPASS"
    Info (12134): Parameter "init_file" = "DataMIF.mif"
    Info (12134): Parameter "intended_device_family" = "MAX 10"
    Info (12134): Parameter "lpm_hint" = "ENABLE_RUNTIME_MOD=NO"
    Info (12134): Parameter "lpm_type" = "altsyncram"
    Info (12134): Parameter "numwords_a" = "1024"
    Info (12134): Parameter "operation_mode" = "SINGLE_PORT"
    Info (12134): Parameter "outdata_aclr_a" = "NONE"
    Info (12134): Parameter "outdata_reg_a" = "UNREGISTERED"
    Info (12134): Parameter "power_up_uninitialized" = "FALSE"
    Info (12134): Parameter "ram_block_type" = "M9K"
    Info (12134): Parameter "read_during_write_mode_port_a" = "NEW_DATA_WITH_NBE_READ"
    Info (12134): Parameter "widthad_a" = "10"
    Info (12134): Parameter "width_a" = "32"
    Info (12134): Parameter "width_byteena_a" = "1"
Info (12021): Found 1 design units, including 1 entities, in source file db/altsyncram_mfk1.tdf
    Info (12023): Found entity 1: altsyncram_mfk1 File: C:/Users/shara/Desktop/JoSCD/Development Phase/Single_Cycle_Code/db/altsyncram_mfk1.tdf Line: 28
Info (12128): Elaborating entity "altsyncram_mfk1" for hierarchy "DataMem:DM_|altsyncram:altsyncram_component|altsyncram_mfk1:auto_generated" File: c:/intelfpga_lite/20.1/quartus/libraries/megafunctions/altsyncram.tdf Line: 792
Critical Warning (127005): Memory depth (1024) in the design file differs from memory depth (256) in the Memory Initialization File "C:/Users/shara/Desktop/JoSCD/Development Phase/Single_Cycle_Code/DataMIF.mif" -- setting initial value for remaining addresses to 0 File: C:/Users/shara/Desktop/JoSCD/Development Phase/Single_Cycle_Code/DataMem.v Line: 89
Info (12128): Elaborating entity "mux4x1" for hierarchy "mux4x1:PCMux_" File: C:/Users/shara/Desktop/JoSCD/Development Phase/Single_Cycle_Code/single_cycle.v Line: 212
Warning (12241): 1 hierarchies have connectivity warnings - see the Connectivity Checks report folder
Info (286030): Timing-Driven Synthesis is running
Info (144001): Generated suppressed messages file C:/Users/shara/Desktop/JoSCD/Development Phase/Single_Cycle_Code/output_files/single_cycle.map.smsg
Info (16010): Generating hard_block partition "hard_block:auto_generated_inst"
    Info (16011): Adding 0 node(s), including 0 DDIO, 0 PLL, 0 transceiver and 0 LCELL
Info (21057): Implemented 3459 device resources after synthesis - the final resource count might be different
    Info (21058): Implemented 2 input pins
    Info (21059): Implemented 32 output pins
    Info (21061): Implemented 3361 logic cells
    Info (21064): Implemented 64 RAM segments
Info: Quartus Prime Analysis & Synthesis was successful. 0 errors, 7 warnings
    Info: Peak virtual memory: 4876 megabytes
    Info: Processing ended: Mon Nov 25 10:55:20 2024
    Info: Elapsed time: 00:00:23
    Info: Total CPU time (on all processors): 00:00:25


+------------------------------------------+
; Analysis & Synthesis Suppressed Messages ;
+------------------------------------------+
The suppressed messages can be found in C:/Users/shara/Desktop/JoSCD/Development Phase/Single_Cycle_Code/output_files/single_cycle.map.smsg.


